<?xml version="1.0" encoding="UTF-8"?>
<testsuite xmlns:xsi="http://www.w3.org/2001/XMLSchema-instance" xsi:noNamespaceSchemaLocation="https://maven.apache.org/surefire/maven-surefire-plugin/xsd/surefire-test-report-3.0.xsd" version="3.0" name="TestSuite" time="539.337" tests="44" errors="0" skipped="0" failures="1">
  <properties>
[...]
</properties>
  <testcase name="loginPageTest[Karthinivash, Gurleen@2](1)" classname="skyfoxapp.testcases.loginpagetest.PositiveLoginTest" time="1.217">
    <system-out><![CDATA[Starting login test
]]></system-out>
    <system-err><![CDATA[SLF4J: Failed to load class "org.slf4j.impl.StaticLoggerBinder".
SLF4J: Defaulting to no-operation (NOP) logger implementation
SLF4J: See http://www.slf4j.org/codes.html#StaticLoggerBinder for further details.
Starting ChromeDriver 103.0.5060.53 (a1711811edd74ff1cf2150f36ffa3b0dae40b17f-refs/branch-heads/5060@{#853}) on port 59489
Only local connections are allowed.
Please see https://chromedriver.chromium.org/security-considerations for suggestions on keeping ChromeDriver safe.
ChromeDriver was started successfully.
[1660745898.071][WARNING]: This version of ChromeDriver has not been tested with Chrome version 104.
Aug 17, 2022 7:48:18 PM org.openqa.selenium.remote.ProtocolHandshake createSession
INFO: Detected upstream dialect: W3C
Aug 17, 2022 7:48:18 PM org.openqa.selenium.devtools.CdpVersionFinder findNearestMatch
WARNING: Unable to find an exact match for CDP version 104, so returning the closest version found: 102
Aug 17, 2022 7:48:18 PM org.openqa.selenium.devtools.CdpVersionFinder findNearestMatch
INFO: Found CDP implementation for version 104 of 102
]]></system-err>
  </testcase>
  <testcase name="loginPageTest[Karthinivah, Gurleen@2, Login failed](1)" classname="skyfoxapp.testcases.loginpagetest.NegativeLoginTest" time="3.253">
    <system-out><![CDATA[Starting login test
http://ec2-65-2-126-57.ap-south-1.compute.amazonaws.com:3000/login
Login failed
]]></system-out>
    <system-err><![CDATA[Starting ChromeDriver 103.0.5060.53 (a1711811edd74ff1cf2150f36ffa3b0dae40b17f-refs/branch-heads/5060@{#853}) on port 54388
Only local connections are allowed.
Please see https://chromedriver.chromium.org/security-considerations for suggestions on keeping ChromeDriver safe.
ChromeDriver was started successfully.
[1660745901.187][WARNING]: This version of ChromeDriver has not been tested with Chrome version 104.
Aug 17, 2022 7:48:21 PM org.openqa.selenium.remote.ProtocolHandshake createSession
INFO: Detected upstream dialect: W3C
Aug 17, 2022 7:48:21 PM org.openqa.selenium.devtools.CdpVersionFinder findNearestMatch
WARNING: Unable to find an exact match for CDP version 104, so returning the closest version found: 102
Aug 17, 2022 7:48:21 PM org.openqa.selenium.devtools.CdpVersionFinder findNearestMatch
INFO: Found CDP implementation for version 104 of 102
]]></system-err>
  </testcase>
  <testcase name="loginPageTest[Karthinivash, Gurleen@1, Login failed](1)" classname="skyfoxapp.testcases.loginpagetest.NegativeLoginTest" time="3.259">
    <system-out><![CDATA[Starting login test
http://ec2-65-2-126-57.ap-south-1.compute.amazonaws.com:3000/login
Login failed
]]></system-out>
    <system-err><![CDATA[Starting ChromeDriver 103.0.5060.53 (a1711811edd74ff1cf2150f36ffa3b0dae40b17f-refs/branch-heads/5060@{#853}) on port 58764
Only local connections are allowed.
Please see https://chromedriver.chromium.org/security-considerations for suggestions on keeping ChromeDriver safe.
ChromeDriver was started successfully.
[1660745911.128][WARNING]: This version of ChromeDriver has not been tested with Chrome version 104.
Aug 17, 2022 7:48:31 PM org.openqa.selenium.remote.ProtocolHandshake createSession
INFO: Detected upstream dialect: W3C
Aug 17, 2022 7:48:31 PM org.openqa.selenium.devtools.CdpVersionFinder findNearestMatch
WARNING: Unable to find an exact match for CDP version 104, so returning the closest version found: 102
Aug 17, 2022 7:48:31 PM org.openqa.selenium.devtools.CdpVersionFinder findNearestMatch
INFO: Found CDP implementation for version 104 of 102
]]></system-err>
  </testcase>
  <testcase name="customerSignupPageTest[aswini, aswini10, aswini@gmail.com, 9067834521, Aswini.1, Aswini.1](1)" classname="skyfoxapp.testcases.customersignuptest.ValidatingAllFieldsPositiveTest" time="7.676">
    <system-out><![CDATA[Starting login test
http://ec2-65-2-126-57.ap-south-1.compute.amazonaws.com:3000/signup
]]></system-out>
    <system-err><![CDATA[Starting ChromeDriver 103.0.5060.53 (a1711811edd74ff1cf2150f36ffa3b0dae40b17f-refs/branch-heads/5060@{#853}) on port 53251
Only local connections are allowed.
Please see https://chromedriver.chromium.org/security-considerations for suggestions on keeping ChromeDriver safe.
ChromeDriver was started successfully.
[1660745916.081][WARNING]: This version of ChromeDriver has not been tested with Chrome version 104.
Aug 17, 2022 7:48:36 PM org.openqa.selenium.remote.ProtocolHandshake createSession
INFO: Detected upstream dialect: W3C
Aug 17, 2022 7:48:36 PM org.openqa.selenium.devtools.CdpVersionFinder findNearestMatch
WARNING: Unable to find an exact match for CDP version 104, so returning the closest version found: 102
Aug 17, 2022 7:48:36 PM org.openqa.selenium.devtools.CdpVersionFinder findNearestMatch
INFO: Found CDP implementation for version 104 of 102
]]></system-err>
  </testcase>
  <testcase name="customerSignupPageTest[, , , , , , Name is required, Username is required, Email is required, Mobile number is required, Password is required, Password is required](1)" classname="skyfoxapp.testcases.customersignuptest.ValidatingAllFieldsNegativeTest" time="8.628">
    <system-out><![CDATA[Starting login test
http://ec2-65-2-126-57.ap-south-1.compute.amazonaws.com:3000/signup
Name is required
Username is required
Email is required
Mobile number is required
Password is required
Password is required
]]></system-out>
    <system-err><![CDATA[Starting ChromeDriver 103.0.5060.53 (a1711811edd74ff1cf2150f36ffa3b0dae40b17f-refs/branch-heads/5060@{#853}) on port 50677
Only local connections are allowed.
Please see https://chromedriver.chromium.org/security-considerations for suggestions on keeping ChromeDriver safe.
ChromeDriver was started successfully.
[1660745931.462][WARNING]: This version of ChromeDriver has not been tested with Chrome version 104.
Aug 17, 2022 7:48:51 PM org.openqa.selenium.remote.ProtocolHandshake createSession
INFO: Detected upstream dialect: W3C
Aug 17, 2022 7:48:51 PM org.openqa.selenium.devtools.CdpVersionFinder findNearestMatch
WARNING: Unable to find an exact match for CDP version 104, so returning the closest version found: 102
Aug 17, 2022 7:48:51 PM org.openqa.selenium.devtools.CdpVersionFinder findNearestMatch
INFO: Found CDP implementation for version 104 of 102
]]></system-err>
  </testcase>
  <testcase name="usernameValidityChecking[aswini, seed-user-1, aswini@gmail.com, 9087654123, Aswini.1, Aswini.1, A user with the username already exists](1)" classname="skyfoxapp.testcases.customersignuptest.ValidatingAlreadyExistingUsernameTest" time="4.598">
    <system-out><![CDATA[Starting login test
http://ec2-65-2-126-57.ap-south-1.compute.amazonaws.com:3000/signup
A user with the username already exists
]]></system-out>
    <system-err><![CDATA[Starting ChromeDriver 103.0.5060.53 (a1711811edd74ff1cf2150f36ffa3b0dae40b17f-refs/branch-heads/5060@{#853}) on port 54972
Only local connections are allowed.
Please see https://chromedriver.chromium.org/security-considerations for suggestions on keeping ChromeDriver safe.
ChromeDriver was started successfully.
[1660745947.507][WARNING]: This version of ChromeDriver has not been tested with Chrome version 104.
Aug 17, 2022 7:49:07 PM org.openqa.selenium.remote.ProtocolHandshake createSession
INFO: Detected upstream dialect: W3C
Aug 17, 2022 7:49:07 PM org.openqa.selenium.devtools.CdpVersionFinder findNearestMatch
WARNING: Unable to find an exact match for CDP version 104, so returning the closest version found: 102
Aug 17, 2022 7:49:07 PM org.openqa.selenium.devtools.CdpVersionFinder findNearestMatch
INFO: Found CDP implementation for version 104 of 102
]]></system-err>
  </testcase>
  <testcase name="emailValidityChecking[aswini, aswini, aswinigmail.com, 9087654123, Aswini.1, Aswini.1, Invalid Email](1)" classname="skyfoxapp.testcases.customersignuptest.ValidatingEmailIdTest" time="3.573">
    <system-out><![CDATA[Starting login test
http://ec2-65-2-126-57.ap-south-1.compute.amazonaws.com:3000/signup
Invalid Email
]]></system-out>
    <system-err><![CDATA[Starting ChromeDriver 103.0.5060.53 (a1711811edd74ff1cf2150f36ffa3b0dae40b17f-refs/branch-heads/5060@{#853}) on port 53909
Only local connections are allowed.
Please see https://chromedriver.chromium.org/security-considerations for suggestions on keeping ChromeDriver safe.
ChromeDriver was started successfully.
[1660745961.940][WARNING]: This version of ChromeDriver has not been tested with Chrome version 104.
Aug 17, 2022 7:49:21 PM org.openqa.selenium.remote.ProtocolHandshake createSession
INFO: Detected upstream dialect: W3C
Aug 17, 2022 7:49:21 PM org.openqa.selenium.devtools.CdpVersionFinder findNearestMatch
WARNING: Unable to find an exact match for CDP version 104, so returning the closest version found: 102
Aug 17, 2022 7:49:21 PM org.openqa.selenium.devtools.CdpVersionFinder findNearestMatch
INFO: Found CDP implementation for version 104 of 102
]]></system-err>
  </testcase>
  <testcase name="emailValidityChecking[aswini, aswini, aswini@gmailcom, 9087654123, Aswini.1, Aswini.1, Invalid Email](1)" classname="skyfoxapp.testcases.customersignuptest.ValidatingEmailIdTest" time="3.572">
    <system-out><![CDATA[Starting login test
http://ec2-65-2-126-57.ap-south-1.compute.amazonaws.com:3000/signup
Invalid Email
]]></system-out>
    <system-err><![CDATA[Starting ChromeDriver 103.0.5060.53 (a1711811edd74ff1cf2150f36ffa3b0dae40b17f-refs/branch-heads/5060@{#853}) on port 52103
Only local connections are allowed.
Please see https://chromedriver.chromium.org/security-considerations for suggestions on keeping ChromeDriver safe.
ChromeDriver was started successfully.
[1660745973.544][WARNING]: This version of ChromeDriver has not been tested with Chrome version 104.
Aug 17, 2022 7:49:33 PM org.openqa.selenium.remote.ProtocolHandshake createSession
INFO: Detected upstream dialect: W3C
Aug 17, 2022 7:49:33 PM org.openqa.selenium.devtools.CdpVersionFinder findNearestMatch
WARNING: Unable to find an exact match for CDP version 104, so returning the closest version found: 102
Aug 17, 2022 7:49:33 PM org.openqa.selenium.devtools.CdpVersionFinder findNearestMatch
INFO: Found CDP implementation for version 104 of 102
]]></system-err>
  </testcase>
  <testcase name="mobileNumberValidityChecking[aswini, aswini, aswini@gmail.com, 9087654, Aswini.1, Aswini.1, Enter a valid mobile number](1)" classname="skyfoxapp.testcases.customersignuptest.ValidatingMobileNumberTest" time="3.578">
    <system-out><![CDATA[Starting login test
http://ec2-65-2-126-57.ap-south-1.compute.amazonaws.com:3000/signup
Enter a valid mobile number
]]></system-out>
    <system-err><![CDATA[Starting ChromeDriver 103.0.5060.53 (a1711811edd74ff1cf2150f36ffa3b0dae40b17f-refs/branch-heads/5060@{#853}) on port 52594
Only local connections are allowed.
Please see https://chromedriver.chromium.org/security-considerations for suggestions on keeping ChromeDriver safe.
ChromeDriver was started successfully.
[1660745985.524][WARNING]: This version of ChromeDriver has not been tested with Chrome version 104.
Aug 17, 2022 7:49:45 PM org.openqa.selenium.remote.ProtocolHandshake createSession
INFO: Detected upstream dialect: W3C
Aug 17, 2022 7:49:45 PM org.openqa.selenium.devtools.CdpVersionFinder findNearestMatch
WARNING: Unable to find an exact match for CDP version 104, so returning the closest version found: 102
Aug 17, 2022 7:49:45 PM org.openqa.selenium.devtools.CdpVersionFinder findNearestMatch
INFO: Found CDP implementation for version 104 of 102
]]></system-err>
  </testcase>
  <testcase name="mobileNumberValidityChecking[aswini, aswini, aswini@gmail.com, 908765423456789, Aswini.1, Aswini.1, Enter a valid mobile number](1)" classname="skyfoxapp.testcases.customersignuptest.ValidatingMobileNumberTest" time="3.577">
    <system-out><![CDATA[Starting login test
http://ec2-65-2-126-57.ap-south-1.compute.amazonaws.com:3000/signup
Enter a valid mobile number
]]></system-out>
    <system-err><![CDATA[Starting ChromeDriver 103.0.5060.53 (a1711811edd74ff1cf2150f36ffa3b0dae40b17f-refs/branch-heads/5060@{#853}) on port 59420
Only local connections are allowed.
Please see https://chromedriver.chromium.org/security-considerations for suggestions on keeping ChromeDriver safe.
ChromeDriver was started successfully.
[1660745997.772][WARNING]: This version of ChromeDriver has not been tested with Chrome version 104.
Aug 17, 2022 7:49:57 PM org.openqa.selenium.remote.ProtocolHandshake createSession
INFO: Detected upstream dialect: W3C
Aug 17, 2022 7:49:57 PM org.openqa.selenium.devtools.CdpVersionFinder findNearestMatch
WARNING: Unable to find an exact match for CDP version 104, so returning the closest version found: 102
Aug 17, 2022 7:49:57 PM org.openqa.selenium.devtools.CdpVersionFinder findNearestMatch
INFO: Found CDP implementation for version 104 of 102
]]></system-err>
  </testcase>
  <testcase name="passwordValidityChecking[aswini, aswini, aswini@gmail.com, 9087654321, aswini.1, aswini.1, Password must contain 8-64 characters,&#10;at least one uppercase character,&#10;one number and one special character](1)" classname="skyfoxapp.testcases.customersignuptest.ValidatingPasswordTest" time="2.522">
    <system-out><![CDATA[Starting login test
http://ec2-65-2-126-57.ap-south-1.compute.amazonaws.com:3000/signup
Password must contain 8-64 characters,
at least one uppercase character,
one number and one special character
]]></system-out>
    <system-err><![CDATA[Starting ChromeDriver 103.0.5060.53 (a1711811edd74ff1cf2150f36ffa3b0dae40b17f-refs/branch-heads/5060@{#853}) on port 50003
Only local connections are allowed.
Please see https://chromedriver.chromium.org/security-considerations for suggestions on keeping ChromeDriver safe.
ChromeDriver was started successfully.
[1660746010.162][WARNING]: This version of ChromeDriver has not been tested with Chrome version 104.
Aug 17, 2022 7:50:10 PM org.openqa.selenium.remote.ProtocolHandshake createSession
INFO: Detected upstream dialect: W3C
Aug 17, 2022 7:50:10 PM org.openqa.selenium.devtools.CdpVersionFinder findNearestMatch
WARNING: Unable to find an exact match for CDP version 104, so returning the closest version found: 102
Aug 17, 2022 7:50:10 PM org.openqa.selenium.devtools.CdpVersionFinder findNearestMatch
INFO: Found CDP implementation for version 104 of 102
]]></system-err>
  </testcase>
  <testcase name="passwordValidityChecking[aswini, aswini, aswini@gmail.com, 9087654321, Aswini.., Aswini.., Password must contain 8-64 characters,&#10;at least one uppercase character,&#10;one number and one special character](1)" classname="skyfoxapp.testcases.customersignuptest.ValidatingPasswordTest" time="2.541">
    <system-out><![CDATA[Starting login test
http://ec2-65-2-126-57.ap-south-1.compute.amazonaws.com:3000/signup
Password must contain 8-64 characters,
at least one uppercase character,
one number and one special character
]]></system-out>
    <system-err><![CDATA[Starting ChromeDriver 103.0.5060.53 (a1711811edd74ff1cf2150f36ffa3b0dae40b17f-refs/branch-heads/5060@{#853}) on port 60645
Only local connections are allowed.
Please see https://chromedriver.chromium.org/security-considerations for suggestions on keeping ChromeDriver safe.
ChromeDriver was started successfully.
[1660746020.314][WARNING]: This version of ChromeDriver has not been tested with Chrome version 104.
Aug 17, 2022 7:50:20 PM org.openqa.selenium.remote.ProtocolHandshake createSession
INFO: Detected upstream dialect: W3C
Aug 17, 2022 7:50:20 PM org.openqa.selenium.devtools.CdpVersionFinder findNearestMatch
WARNING: Unable to find an exact match for CDP version 104, so returning the closest version found: 102
Aug 17, 2022 7:50:20 PM org.openqa.selenium.devtools.CdpVersionFinder findNearestMatch
INFO: Found CDP implementation for version 104 of 102
]]></system-err>
  </testcase>
  <testcase name="passwordValidityChecking[aswini, aswini, aswini@gmail.com, 9087654321, Aswini11, Aswini11, Password must contain 8-64 characters,&#10;at least one uppercase character,&#10;one number and one special character](1)" classname="skyfoxapp.testcases.customersignuptest.ValidatingPasswordTest" time="2.55">
    <system-out><![CDATA[Starting login test
http://ec2-65-2-126-57.ap-south-1.compute.amazonaws.com:3000/signup
Password must contain 8-64 characters,
at least one uppercase character,
one number and one special character
]]></system-out>
    <system-err><![CDATA[Starting ChromeDriver 103.0.5060.53 (a1711811edd74ff1cf2150f36ffa3b0dae40b17f-refs/branch-heads/5060@{#853}) on port 55165
Only local connections are allowed.
Please see https://chromedriver.chromium.org/security-considerations for suggestions on keeping ChromeDriver safe.
ChromeDriver was started successfully.
[1660746031.383][WARNING]: This version of ChromeDriver has not been tested with Chrome version 104.
Aug 17, 2022 7:50:31 PM org.openqa.selenium.remote.ProtocolHandshake createSession
INFO: Detected upstream dialect: W3C
Aug 17, 2022 7:50:31 PM org.openqa.selenium.devtools.CdpVersionFinder findNearestMatch
WARNING: Unable to find an exact match for CDP version 104, so returning the closest version found: 102
Aug 17, 2022 7:50:31 PM org.openqa.selenium.devtools.CdpVersionFinder findNearestMatch
INFO: Found CDP implementation for version 104 of 102
]]></system-err>
  </testcase>
  <testcase name="passwordValidityChecking[aswini, aswini, aswini@gmail.com, 9087654321, Abc.1, Abc.1, Password must contain 8-64 characters,&#10;at least one uppercase character,&#10;one number and one special character](1)" classname="skyfoxapp.testcases.customersignuptest.ValidatingPasswordTest" time="2.561">
    <system-out><![CDATA[Starting login test
http://ec2-65-2-126-57.ap-south-1.compute.amazonaws.com:3000/signup
Password must contain 8-64 characters,
at least one uppercase character,
one number and one special character
]]></system-out>
    <system-err><![CDATA[Starting ChromeDriver 103.0.5060.53 (a1711811edd74ff1cf2150f36ffa3b0dae40b17f-refs/branch-heads/5060@{#853}) on port 50049
Only local connections are allowed.
Please see https://chromedriver.chromium.org/security-considerations for suggestions on keeping ChromeDriver safe.
ChromeDriver was started successfully.
[1660746041.980][WARNING]: This version of ChromeDriver has not been tested with Chrome version 104.
Aug 17, 2022 7:50:41 PM org.openqa.selenium.remote.ProtocolHandshake createSession
INFO: Detected upstream dialect: W3C
Aug 17, 2022 7:50:41 PM org.openqa.selenium.devtools.CdpVersionFinder findNearestMatch
WARNING: Unable to find an exact match for CDP version 104, so returning the closest version found: 102
Aug 17, 2022 7:50:41 PM org.openqa.selenium.devtools.CdpVersionFinder findNearestMatch
INFO: Found CDP implementation for version 104 of 102
]]></system-err>
  </testcase>
  <testcase name="passwordValidityChecking[aswini, aswini, aswini@gmail.com, 9087654321, A group of words containing a subject and a verb, that expresses a statement, a question, etc1., A group of words containing a subject and a verb, that expresses a statement, a question, etc1., Password must contain 8-64 characters,&#10;at least one uppercase character,&#10;one number and one special character](1)" classname="skyfoxapp.testcases.customersignuptest.ValidatingPasswordTest" time="2.665">
    <system-out><![CDATA[Starting login test
http://ec2-65-2-126-57.ap-south-1.compute.amazonaws.com:3000/signup
Password must contain 8-64 characters,
at least one uppercase character,
one number and one special character
]]></system-out>
    <system-err><![CDATA[Starting ChromeDriver 103.0.5060.53 (a1711811edd74ff1cf2150f36ffa3b0dae40b17f-refs/branch-heads/5060@{#853}) on port 62629
Only local connections are allowed.
Please see https://chromedriver.chromium.org/security-considerations for suggestions on keeping ChromeDriver safe.
ChromeDriver was started successfully.
[1660746052.996][WARNING]: This version of ChromeDriver has not been tested with Chrome version 104.
Aug 17, 2022 7:50:53 PM org.openqa.selenium.remote.ProtocolHandshake createSession
INFO: Detected upstream dialect: W3C
Aug 17, 2022 7:50:53 PM org.openqa.selenium.devtools.CdpVersionFinder findNearestMatch
WARNING: Unable to find an exact match for CDP version 104, so returning the closest version found: 102
Aug 17, 2022 7:50:53 PM org.openqa.selenium.devtools.CdpVersionFinder findNearestMatch
INFO: Found CDP implementation for version 104 of 102
]]></system-err>
  </testcase>
  <testcase name="passwordValidityChecking[aswini, aswini, aswini@gmail.com, 9087654321, abcdef, abcdef, Password must contain 8-64 characters,&#10;at least one uppercase character,&#10;one number and one special character](1)" classname="skyfoxapp.testcases.customersignuptest.ValidatingPasswordTest" time="2.539">
    <system-out><![CDATA[Starting login test
http://ec2-65-2-126-57.ap-south-1.compute.amazonaws.com:3000/signup
Password must contain 8-64 characters,
at least one uppercase character,
one number and one special character
]]></system-out>
    <system-err><![CDATA[Starting ChromeDriver 103.0.5060.53 (a1711811edd74ff1cf2150f36ffa3b0dae40b17f-refs/branch-heads/5060@{#853}) on port 51106
Only local connections are allowed.
Please see https://chromedriver.chromium.org/security-considerations for suggestions on keeping ChromeDriver safe.
ChromeDriver was started successfully.
[1660746063.784][WARNING]: This version of ChromeDriver has not been tested with Chrome version 104.
Aug 17, 2022 7:51:03 PM org.openqa.selenium.remote.ProtocolHandshake createSession
INFO: Detected upstream dialect: W3C
Aug 17, 2022 7:51:03 PM org.openqa.selenium.devtools.CdpVersionFinder findNearestMatch
WARNING: Unable to find an exact match for CDP version 104, so returning the closest version found: 102
Aug 17, 2022 7:51:03 PM org.openqa.selenium.devtools.CdpVersionFinder findNearestMatch
INFO: Found CDP implementation for version 104 of 102
]]></system-err>
  </testcase>
  <testcase name="confirmPasswordAndPasswordMatchValidation[aswini, aswini, aswini@gmail.com, 9087654321, Aswini.1, aswini.1, Password and confirm password do not match](1)" classname="skyfoxapp.testcases.customersignuptest.ValidatingConfirmPasswordtTest" time="5.092">
    <system-out><![CDATA[Starting login test
http://ec2-65-2-126-57.ap-south-1.compute.amazonaws.com:3000/signup
Password and confirm password do not match
Password and confirm password do not match
]]></system-out>
    <system-err><![CDATA[Starting ChromeDriver 103.0.5060.53 (a1711811edd74ff1cf2150f36ffa3b0dae40b17f-refs/branch-heads/5060@{#853}) on port 59835
Only local connections are allowed.
Please see https://chromedriver.chromium.org/security-considerations for suggestions on keeping ChromeDriver safe.
ChromeDriver was started successfully.
[1660746074.233][WARNING]: This version of ChromeDriver has not been tested with Chrome version 104.
Aug 17, 2022 7:51:14 PM org.openqa.selenium.remote.ProtocolHandshake createSession
INFO: Detected upstream dialect: W3C
Aug 17, 2022 7:51:14 PM org.openqa.selenium.devtools.CdpVersionFinder findNearestMatch
WARNING: Unable to find an exact match for CDP version 104, so returning the closest version found: 102
Aug 17, 2022 7:51:14 PM org.openqa.selenium.devtools.CdpVersionFinder findNearestMatch
INFO: Found CDP implementation for version 104 of 102
]]></system-err>
  </testcase>
  <testcase name="scheduleMovieTest[Karthinivash, Gurleen@2, 200](1)" classname="skyfoxapp.testcases.addMovieScheduleTest.PositiveScheduleTest" time="10.779">
    <system-out><![CDATA[Starting login test
new page
Clicked Schedule Button
Selected slot
Cost entered
Selected Dropdown
clickable
clicked Cross mark
]]></system-out>
    <system-err><![CDATA[Starting ChromeDriver 103.0.5060.53 (a1711811edd74ff1cf2150f36ffa3b0dae40b17f-refs/branch-heads/5060@{#853}) on port 61545
Only local connections are allowed.
Please see https://chromedriver.chromium.org/security-considerations for suggestions on keeping ChromeDriver safe.
ChromeDriver was started successfully.
[1660746087.264][WARNING]: This version of ChromeDriver has not been tested with Chrome version 104.
Aug 17, 2022 7:51:27 PM org.openqa.selenium.remote.ProtocolHandshake createSession
INFO: Detected upstream dialect: W3C
Aug 17, 2022 7:51:27 PM org.openqa.selenium.devtools.CdpVersionFinder findNearestMatch
WARNING: Unable to find an exact match for CDP version 104, so returning the closest version found: 102
Aug 17, 2022 7:51:27 PM org.openqa.selenium.devtools.CdpVersionFinder findNearestMatch
INFO: Found CDP implementation for version 104 of 102
]]></system-err>
  </testcase>
  <testcase name="loginPageTest[Karthinivash, Gurleen@2, vmn, Invalid cost](1)" classname="skyfoxapp.testcases.addMovieScheduleTest.NegativeScheduleTest" time="9.699">
    <system-out><![CDATA[Starting login test
new page
Clicked Schedule Button
Selected slot
Cost entered
Selected Dropdown
]]></system-out>
    <system-err><![CDATA[Starting ChromeDriver 103.0.5060.53 (a1711811edd74ff1cf2150f36ffa3b0dae40b17f-refs/branch-heads/5060@{#853}) on port 53490
Only local connections are allowed.
Please see https://chromedriver.chromium.org/security-considerations for suggestions on keeping ChromeDriver safe.
ChromeDriver was started successfully.
[1660746104.691][WARNING]: This version of ChromeDriver has not been tested with Chrome version 104.
Aug 17, 2022 7:51:44 PM org.openqa.selenium.remote.ProtocolHandshake createSession
INFO: Detected upstream dialect: W3C
Aug 17, 2022 7:51:44 PM org.openqa.selenium.devtools.CdpVersionFinder findNearestMatch
WARNING: Unable to find an exact match for CDP version 104, so returning the closest version found: 102
Aug 17, 2022 7:51:44 PM org.openqa.selenium.devtools.CdpVersionFinder findNearestMatch
INFO: Found CDP implementation for version 104 of 102
]]></system-err>
  </testcase>
  <testcase name="scheduleMovieTest[Karthinivash, Gurleen@2](1)" classname="skyfoxapp.testcases.addMovieScheduleTest.PreviousDayNoAvailableSlotsScheduleTest" time="4.293">
    <system-out><![CDATA[Starting login test
new page
]]></system-out>
    <system-err><![CDATA[Starting ChromeDriver 103.0.5060.53 (a1711811edd74ff1cf2150f36ffa3b0dae40b17f-refs/branch-heads/5060@{#853}) on port 54880
Only local connections are allowed.
Please see https://chromedriver.chromium.org/security-considerations for suggestions on keeping ChromeDriver safe.
ChromeDriver was started successfully.
[1660746121.298][WARNING]: This version of ChromeDriver has not been tested with Chrome version 104.
Aug 17, 2022 7:52:01 PM org.openqa.selenium.remote.ProtocolHandshake createSession
INFO: Detected upstream dialect: W3C
Aug 17, 2022 7:52:01 PM org.openqa.selenium.devtools.CdpVersionFinder findNearestMatch
WARNING: Unable to find an exact match for CDP version 104, so returning the closest version found: 102
Aug 17, 2022 7:52:01 PM org.openqa.selenium.devtools.CdpVersionFinder findNearestMatch
INFO: Found CDP implementation for version 104 of 102
]]></system-err>
  </testcase>
  <testcase name="scheduleMovieTest[Karthinivash, Gurleen@2](1)" classname="skyfoxapp.testcases.addMovieScheduleTest.PreviousDayAvailableSlotsScheduleTest" time="4.29">
    <system-out><![CDATA[Starting login test
new page
]]></system-out>
    <system-err><![CDATA[Starting ChromeDriver 103.0.5060.53 (a1711811edd74ff1cf2150f36ffa3b0dae40b17f-refs/branch-heads/5060@{#853}) on port 53374
Only local connections are allowed.
Please see https://chromedriver.chromium.org/security-considerations for suggestions on keeping ChromeDriver safe.
ChromeDriver was started successfully.
[1660746132.245][WARNING]: This version of ChromeDriver has not been tested with Chrome version 104.
Aug 17, 2022 7:52:12 PM org.openqa.selenium.remote.ProtocolHandshake createSession
INFO: Detected upstream dialect: W3C
Aug 17, 2022 7:52:12 PM org.openqa.selenium.devtools.CdpVersionFinder findNearestMatch
WARNING: Unable to find an exact match for CDP version 104, so returning the closest version found: 102
Aug 17, 2022 7:52:12 PM org.openqa.selenium.devtools.CdpVersionFinder findNearestMatch
INFO: Found CDP implementation for version 104 of 102
]]></system-err>
  </testcase>
  <testcase name="scheduleMovieTest[Karthinivash, Gurleen@2](1)" classname="skyfoxapp.testcases.addMovieScheduleTest.NoAvailableSlotsScheduleTest" time="4.294">
    <system-out><![CDATA[Starting login test
new page
]]></system-out>
    <system-err><![CDATA[Starting ChromeDriver 103.0.5060.53 (a1711811edd74ff1cf2150f36ffa3b0dae40b17f-refs/branch-heads/5060@{#853}) on port 50402
Only local connections are allowed.
Please see https://chromedriver.chromium.org/security-considerations for suggestions on keeping ChromeDriver safe.
ChromeDriver was started successfully.
[1660746143.322][WARNING]: This version of ChromeDriver has not been tested with Chrome version 104.
Aug 17, 2022 7:52:23 PM org.openqa.selenium.remote.ProtocolHandshake createSession
INFO: Detected upstream dialect: W3C
Aug 17, 2022 7:52:23 PM org.openqa.selenium.devtools.CdpVersionFinder findNearestMatch
WARNING: Unable to find an exact match for CDP version 104, so returning the closest version found: 102
Aug 17, 2022 7:52:23 PM org.openqa.selenium.devtools.CdpVersionFinder findNearestMatch
INFO: Found CDP implementation for version 104 of 102
]]></system-err>
  </testcase>
  <testcase name="changePasswordTest[Karthinivash, Gurleen@2, Gurleen@2, Skyfox@4, Skyfox@4](1)" classname="skyfoxapp.testcases.changepasswordtest.PositiveChangePasswordTest" time="4.612">
    <system-out><![CDATA[Starting login test
Clicked profile icon
Clicked Change Password button
Entered all fields
0
]]></system-out>
    <system-err><![CDATA[Starting ChromeDriver 103.0.5060.53 (a1711811edd74ff1cf2150f36ffa3b0dae40b17f-refs/branch-heads/5060@{#853}) on port 63128
Only local connections are allowed.
Please see https://chromedriver.chromium.org/security-considerations for suggestions on keeping ChromeDriver safe.
ChromeDriver was started successfully.
[1660746155.044][WARNING]: This version of ChromeDriver has not been tested with Chrome version 104.
Aug 17, 2022 7:52:35 PM org.openqa.selenium.remote.ProtocolHandshake createSession
INFO: Detected upstream dialect: W3C
Aug 17, 2022 7:52:35 PM org.openqa.selenium.devtools.CdpVersionFinder findNearestMatch
WARNING: Unable to find an exact match for CDP version 104, so returning the closest version found: 102
Aug 17, 2022 7:52:35 PM org.openqa.selenium.devtools.CdpVersionFinder findNearestMatch
INFO: Found CDP implementation for version 104 of 102
]]></system-err>
  </testcase>
  <testcase name="changePasswordTest[Karthinivash, Gurleen@2, Gurleen@2, Skyfox433, Skyfox433](1)" classname="skyfoxapp.testcases.changepasswordtest.ValidateNewPasswordTest" time="2.628">
    <system-out><![CDATA[Starting login test
Clicked profile icon
Clicked Change Password button
Entered all fields
]]></system-out>
    <system-err><![CDATA[Starting ChromeDriver 103.0.5060.53 (a1711811edd74ff1cf2150f36ffa3b0dae40b17f-refs/branch-heads/5060@{#853}) on port 52081
Only local connections are allowed.
Please see https://chromedriver.chromium.org/security-considerations for suggestions on keeping ChromeDriver safe.
ChromeDriver was started successfully.
[1660746166.865][WARNING]: This version of ChromeDriver has not been tested with Chrome version 104.
Aug 17, 2022 7:52:46 PM org.openqa.selenium.remote.ProtocolHandshake createSession
INFO: Detected upstream dialect: W3C
Aug 17, 2022 7:52:46 PM org.openqa.selenium.devtools.CdpVersionFinder findNearestMatch
WARNING: Unable to find an exact match for CDP version 104, so returning the closest version found: 102
Aug 17, 2022 7:52:46 PM org.openqa.selenium.devtools.CdpVersionFinder findNearestMatch
INFO: Found CDP implementation for version 104 of 102
]]></system-err>
  </testcase>
  <testcase name="changePasswordTest[Karthinivash, Gurleen@2, Gurleen@2, skyfox@433, skyfox@433](1)" classname="skyfoxapp.testcases.changepasswordtest.ValidateNewPasswordTest" time="2.611">
    <system-out><![CDATA[Starting login test
Clicked profile icon
Clicked Change Password button
Entered all fields
]]></system-out>
    <system-err><![CDATA[Starting ChromeDriver 103.0.5060.53 (a1711811edd74ff1cf2150f36ffa3b0dae40b17f-refs/branch-heads/5060@{#853}) on port 49737
Only local connections are allowed.
Please see https://chromedriver.chromium.org/security-considerations for suggestions on keeping ChromeDriver safe.
ChromeDriver was started successfully.
[1660746171.522][WARNING]: This version of ChromeDriver has not been tested with Chrome version 104.
Aug 17, 2022 7:52:51 PM org.openqa.selenium.remote.ProtocolHandshake createSession
INFO: Detected upstream dialect: W3C
Aug 17, 2022 7:52:51 PM org.openqa.selenium.devtools.CdpVersionFinder findNearestMatch
WARNING: Unable to find an exact match for CDP version 104, so returning the closest version found: 102
Aug 17, 2022 7:52:51 PM org.openqa.selenium.devtools.CdpVersionFinder findNearestMatch
INFO: Found CDP implementation for version 104 of 102
]]></system-err>
  </testcase>
  <testcase name="changePasswordTest[Karthinivash, Gurleen@2, Gurleen@2, SKYFOX433, SKYFOX433](1)" classname="skyfoxapp.testcases.changepasswordtest.ValidateNewPasswordTest" time="2.595">
    <system-out><![CDATA[Starting login test
Clicked profile icon
Clicked Change Password button
Entered all fields
]]></system-out>
    <system-err><![CDATA[Starting ChromeDriver 103.0.5060.53 (a1711811edd74ff1cf2150f36ffa3b0dae40b17f-refs/branch-heads/5060@{#853}) on port 58977
Only local connections are allowed.
Please see https://chromedriver.chromium.org/security-considerations for suggestions on keeping ChromeDriver safe.
ChromeDriver was started successfully.
[1660746181.195][WARNING]: This version of ChromeDriver has not been tested with Chrome version 104.
Aug 17, 2022 7:53:01 PM org.openqa.selenium.remote.ProtocolHandshake createSession
INFO: Detected upstream dialect: W3C
Aug 17, 2022 7:53:01 PM org.openqa.selenium.devtools.CdpVersionFinder findNearestMatch
WARNING: Unable to find an exact match for CDP version 104, so returning the closest version found: 102
Aug 17, 2022 7:53:01 PM org.openqa.selenium.devtools.CdpVersionFinder findNearestMatch
INFO: Found CDP implementation for version 104 of 102
]]></system-err>
  </testcase>
  <testcase name="changePasswordTest[Karthinivash, Gurleen@2, Gurleen@2, Skyfox@, Skyfox@](1)" classname="skyfoxapp.testcases.changepasswordtest.ValidateNewPasswordTest" time="2.712">
    <system-out><![CDATA[Starting login test
Clicked profile icon
Clicked Change Password button
Entered all fields
]]></system-out>
    <system-err><![CDATA[Starting ChromeDriver 103.0.5060.53 (a1711811edd74ff1cf2150f36ffa3b0dae40b17f-refs/branch-heads/5060@{#853}) on port 59071
Only local connections are allowed.
Please see https://chromedriver.chromium.org/security-considerations for suggestions on keeping ChromeDriver safe.
ChromeDriver was started successfully.
[1660746185.398][WARNING]: This version of ChromeDriver has not been tested with Chrome version 104.
Aug 17, 2022 7:53:05 PM org.openqa.selenium.remote.ProtocolHandshake createSession
INFO: Detected upstream dialect: W3C
Aug 17, 2022 7:53:05 PM org.openqa.selenium.devtools.CdpVersionFinder findNearestMatch
WARNING: Unable to find an exact match for CDP version 104, so returning the closest version found: 102
Aug 17, 2022 7:53:05 PM org.openqa.selenium.devtools.CdpVersionFinder findNearestMatch
INFO: Found CDP implementation for version 104 of 102
]]></system-err>
  </testcase>
  <testcase name="changePasswordTest[Karthinivash, Gurleen@2, Gurleen@2, Sky@3, Sky@3](1)" classname="skyfoxapp.testcases.changepasswordtest.ValidateNewPasswordTest" time="2.607">
    <system-out><![CDATA[Starting login test
Clicked profile icon
Clicked Change Password button
Entered all fields
]]></system-out>
    <system-err><![CDATA[Starting ChromeDriver 103.0.5060.53 (a1711811edd74ff1cf2150f36ffa3b0dae40b17f-refs/branch-heads/5060@{#853}) on port 52436
Only local connections are allowed.
Please see https://chromedriver.chromium.org/security-considerations for suggestions on keeping ChromeDriver safe.
ChromeDriver was started successfully.
[1660746194.940][WARNING]: This version of ChromeDriver has not been tested with Chrome version 104.
Aug 17, 2022 7:53:14 PM org.openqa.selenium.remote.ProtocolHandshake createSession
INFO: Detected upstream dialect: W3C
Aug 17, 2022 7:53:14 PM org.openqa.selenium.devtools.CdpVersionFinder findNearestMatch
WARNING: Unable to find an exact match for CDP version 104, so returning the closest version found: 102
Aug 17, 2022 7:53:14 PM org.openqa.selenium.devtools.CdpVersionFinder findNearestMatch
INFO: Found CDP implementation for version 104 of 102
]]></system-err>
  </testcase>
  <testcase name="changePasswordTest[Karthinivash, Gurleen@2, Gurleen@2, Skyfox@Skyfox@Skyfox@Skyfox@Skyfox@Skyfox@Skyfox@Skyfox@Skyfox@Skyfox@, Skyfox@Skyfox@Skyfox@Skyfox@Skyfox@Skyfox@Skyfox@Skyfox@Skyfox@Skyfox@](1)" classname="skyfoxapp.testcases.changepasswordtest.ValidateNewPasswordTest" time="2.683">
    <system-out><![CDATA[Starting login test
Clicked profile icon
Clicked Change Password button
Entered all fields
]]></system-out>
    <system-err><![CDATA[Starting ChromeDriver 103.0.5060.53 (a1711811edd74ff1cf2150f36ffa3b0dae40b17f-refs/branch-heads/5060@{#853}) on port 56828
Only local connections are allowed.
Please see https://chromedriver.chromium.org/security-considerations for suggestions on keeping ChromeDriver safe.
ChromeDriver was started successfully.
[1660746199.509][WARNING]: This version of ChromeDriver has not been tested with Chrome version 104.
Aug 17, 2022 7:53:19 PM org.openqa.selenium.remote.ProtocolHandshake createSession
INFO: Detected upstream dialect: W3C
Aug 17, 2022 7:53:19 PM org.openqa.selenium.devtools.CdpVersionFinder findNearestMatch
WARNING: Unable to find an exact match for CDP version 104, so returning the closest version found: 102
Aug 17, 2022 7:53:19 PM org.openqa.selenium.devtools.CdpVersionFinder findNearestMatch
INFO: Found CDP implementation for version 104 of 102
]]></system-err>
  </testcase>
  <testcase name="changePasswordTest[Karthinivash, Gurleen@2, Gurleen@2, Skyfox@4, Skyfox4](1)" classname="skyfoxapp.testcases.changepasswordtest.ValidateConfirmPasswordTest" time="1.172">
    <failure message="Login failed did not expect [http://ec2-65-2-126-57.ap-south-1.compute.amazonaws.com:3000/login] but found [http://ec2-65-2-126-57.ap-south-1.compute.amazonaws.com:3000/login]" type="java.lang.AssertionError"><![CDATA[java.lang.AssertionError: Login failed did not expect [http://ec2-65-2-126-57.ap-south-1.compute.amazonaws.com:3000/login] but found [http://ec2-65-2-126-57.ap-south-1.compute.amazonaws.com:3000/login]
	at org.testng.Assert.fail(Assert.java:110)
	at org.testng.Assert.failEquals(Assert.java:1417)
	at org.testng.Assert.assertNotEqualsImpl(Assert.java:156)
	at org.testng.Assert.assertNotEquals(Assert.java:1986)
	at skyfoxapp.testcases.changepasswordtest.ValidateConfirmPasswordTest.changePasswordTest(ValidateConfirmPasswordTest.java:29)
	at java.base/jdk.internal.reflect.NativeMethodAccessorImpl.invoke0(Native Method)
	at java.base/jdk.internal.reflect.NativeMethodAccessorImpl.invoke(NativeMethodAccessorImpl.java:62)
	at java.base/jdk.internal.reflect.DelegatingMethodAccessorImpl.invoke(DelegatingMethodAccessorImpl.java:43)
	at java.base/java.lang.reflect.Method.invoke(Method.java:566)
	at org.testng.internal.invokers.MethodInvocationHelper.invokeMethod(MethodInvocationHelper.java:135)
	at org.testng.internal.invokers.TestInvoker.invokeMethod(TestInvoker.java:673)
	at org.testng.internal.invokers.TestInvoker.invokeTestMethod(TestInvoker.java:220)
	at org.testng.internal.invokers.MethodRunner.runInSequence(MethodRunner.java:50)
	at org.testng.internal.invokers.TestInvoker$MethodInvocationAgent.invoke(TestInvoker.java:945)
	at org.testng.internal.invokers.TestInvoker.invokeTestMethods(TestInvoker.java:193)
	at org.testng.internal.invokers.TestMethodWorker.invokeTestMethods(TestMethodWorker.java:146)
	at org.testng.internal.invokers.TestMethodWorker.run(TestMethodWorker.java:128)
	at java.base/java.util.ArrayList.forEach(ArrayList.java:1541)
	at org.testng.TestRunner.privateRun(TestRunner.java:808)
	at org.testng.TestRunner.run(TestRunner.java:603)
	at org.testng.SuiteRunner.runTest(SuiteRunner.java:429)
	at org.testng.SuiteRunner.runSequentially(SuiteRunner.java:423)
	at org.testng.SuiteRunner.privateRun(SuiteRunner.java:383)
	at org.testng.SuiteRunner.run(SuiteRunner.java:326)
	at org.testng.SuiteRunnerWorker.runSuite(SuiteRunnerWorker.java:52)
	at org.testng.SuiteRunnerWorker.run(SuiteRunnerWorker.java:95)
	at org.testng.TestNG.runSuitesSequentially(TestNG.java:1249)
	at org.testng.TestNG.runSuitesLocally(TestNG.java:1169)
	at org.testng.TestNG.runSuites(TestNG.java:1092)
	at org.testng.TestNG.run(TestNG.java:1060)
	at org.apache.maven.surefire.testng.TestNGExecutor.run(TestNGExecutor.java:324)
	at org.apache.maven.surefire.testng.TestNGXmlTestSuite.execute(TestNGXmlTestSuite.java:74)
	at org.apache.maven.surefire.testng.TestNGProvider.invoke(TestNGProvider.java:123)
	at org.apache.maven.surefire.booter.ForkedBooter.runSuitesInProcess(ForkedBooter.java:456)
	at org.apache.maven.surefire.booter.ForkedBooter.execute(ForkedBooter.java:169)
	at org.apache.maven.surefire.booter.ForkedBooter.run(ForkedBooter.java:595)
	at org.apache.maven.surefire.booter.ForkedBooter.main(ForkedBooter.java:581)
]]></failure>
    <system-out><![CDATA[Starting login test
]]></system-out>
    <system-err><![CDATA[Starting ChromeDriver 103.0.5060.53 (a1711811edd74ff1cf2150f36ffa3b0dae40b17f-refs/branch-heads/5060@{#853}) on port 53080
Only local connections are allowed.
Please see https://chromedriver.chromium.org/security-considerations for suggestions on keeping ChromeDriver safe.
ChromeDriver was started successfully.
[1660746208.915][WARNING]: This version of ChromeDriver has not been tested with Chrome version 104.
Aug 17, 2022 7:53:28 PM org.openqa.selenium.remote.ProtocolHandshake createSession
INFO: Detected upstream dialect: W3C
Aug 17, 2022 7:53:28 PM org.openqa.selenium.devtools.CdpVersionFinder findNearestMatch
WARNING: Unable to find an exact match for CDP version 104, so returning the closest version found: 102
Aug 17, 2022 7:53:28 PM org.openqa.selenium.devtools.CdpVersionFinder findNearestMatch
INFO: Found CDP implementation for version 104 of 102
]]></system-err>
  </testcase>
  <testcase name="changePasswordTest[Karthinivash, Gurleen@2, Gurleen@2, Gurleen@2, Gurleen@2](1)" classname="skyfoxapp.testcases.changepasswordtest.ValidatePreviousPasswordTest" time="3.636">
    <system-out><![CDATA[Starting login test
Clicked profile icon
Clicked Change Password button
Entered all fields
]]></system-out>
    <system-err><![CDATA[Starting ChromeDriver 103.0.5060.53 (a1711811edd74ff1cf2150f36ffa3b0dae40b17f-refs/branch-heads/5060@{#853}) on port 51714
Only local connections are allowed.
Please see https://chromedriver.chromium.org/security-considerations for suggestions on keeping ChromeDriver safe.
ChromeDriver was started successfully.
[1660746211.824][WARNING]: This version of ChromeDriver has not been tested with Chrome version 104.
Aug 17, 2022 7:53:31 PM org.openqa.selenium.remote.ProtocolHandshake createSession
INFO: Detected upstream dialect: W3C
Aug 17, 2022 7:53:31 PM org.openqa.selenium.devtools.CdpVersionFinder findNearestMatch
WARNING: Unable to find an exact match for CDP version 104, so returning the closest version found: 102
Aug 17, 2022 7:53:31 PM org.openqa.selenium.devtools.CdpVersionFinder findNearestMatch
INFO: Found CDP implementation for version 104 of 102
]]></system-err>
  </testcase>
  <testcase name="changePasswordTest[Karthinivash, Gurleen@2, Skyfox@4, Skyfox@5, Skyfox@5](1)" classname="skyfoxapp.testcases.changepasswordtest.ValidateInvalidCurrentPasswordTest" time="3.616">
    <system-out><![CDATA[Starting login test
Clicked profile icon
Clicked Change Password button
Entered all fields
Invalid current password
]]></system-out>
    <system-err><![CDATA[Starting ChromeDriver 103.0.5060.53 (a1711811edd74ff1cf2150f36ffa3b0dae40b17f-refs/branch-heads/5060@{#853}) on port 50747
Only local connections are allowed.
Please see https://chromedriver.chromium.org/security-considerations for suggestions on keeping ChromeDriver safe.
ChromeDriver was started successfully.
[1660746222.147][WARNING]: This version of ChromeDriver has not been tested with Chrome version 104.
Aug 17, 2022 7:53:42 PM org.openqa.selenium.remote.ProtocolHandshake createSession
INFO: Detected upstream dialect: W3C
Aug 17, 2022 7:53:42 PM org.openqa.selenium.devtools.CdpVersionFinder findNearestMatch
WARNING: Unable to find an exact match for CDP version 104, so returning the closest version found: 102
Aug 17, 2022 7:53:42 PM org.openqa.selenium.devtools.CdpVersionFinder findNearestMatch
INFO: Found CDP implementation for version 104 of 102
]]></system-err>
  </testcase>
  <testcase name="viewMoviePoster[Karthinivash, Gurleen@2](1)" classname="skyfoxapp.testcases.viewmovieposter.PositiveViewMoviePoster" time="12.324">
    <system-out><![CDATA[Starting login test
Parameters sent
Clicked login button
Clicked movie poster
Movie Poster Popup is available
crossmark is available
Cross mark in movie poster is clicked
Movie Poster Popup is not available
Clicked movie name
Movie Detail Popup is available
crossmark is available
Clicked movie name
Movie Poster Popup is available
crossmark is available
Cross mark in movie poster is clicked
Movie Detail Popup is available
Cross mark in movie poster is clicked
Movie Details Popup is not available
]]></system-out>
    <system-err><![CDATA[Starting ChromeDriver 103.0.5060.53 (a1711811edd74ff1cf2150f36ffa3b0dae40b17f-refs/branch-heads/5060@{#853}) on port 63193
Only local connections are allowed.
Please see https://chromedriver.chromium.org/security-considerations for suggestions on keeping ChromeDriver safe.
ChromeDriver was started successfully.
[1660746232.980][WARNING]: This version of ChromeDriver has not been tested with Chrome version 104.
Aug 17, 2022 7:53:52 PM org.openqa.selenium.remote.ProtocolHandshake createSession
INFO: Detected upstream dialect: W3C
Aug 17, 2022 7:53:52 PM org.openqa.selenium.devtools.CdpVersionFinder findNearestMatch
WARNING: Unable to find an exact match for CDP version 104, so returning the closest version found: 102
Aug 17, 2022 7:53:52 PM org.openqa.selenium.devtools.CdpVersionFinder findNearestMatch
INFO: Found CDP implementation for version 104 of 102
]]></system-err>
  </testcase>
  <testcase name="actionsForAdmin[Karthinivash, Gurleen@2](1)" classname="skyfoxapp.testcases.preventunauthorizedactions.ActionsForAdmin" time="9.246">
    <system-out><![CDATA[Starting login test
]]></system-out>
    <system-err><![CDATA[Starting ChromeDriver 103.0.5060.53 (a1711811edd74ff1cf2150f36ffa3b0dae40b17f-refs/branch-heads/5060@{#853}) on port 65097
Only local connections are allowed.
Please see https://chromedriver.chromium.org/security-considerations for suggestions on keeping ChromeDriver safe.
ChromeDriver was started successfully.
[1660746252.921][WARNING]: This version of ChromeDriver has not been tested with Chrome version 104.
Aug 17, 2022 7:54:12 PM org.openqa.selenium.remote.ProtocolHandshake createSession
INFO: Detected upstream dialect: W3C
Aug 17, 2022 7:54:12 PM org.openqa.selenium.devtools.CdpVersionFinder findNearestMatch
WARNING: Unable to find an exact match for CDP version 104, so returning the closest version found: 102
Aug 17, 2022 7:54:12 PM org.openqa.selenium.devtools.CdpVersionFinder findNearestMatch
INFO: Found CDP implementation for version 104 of 102
]]></system-err>
  </testcase>
  <testcase name="actionsForCustomer[aswini, Skyfox@24](1)" classname="skyfoxapp.testcases.preventunauthorizedactions.ActionsForCustomer" time="9.227">
    <system-out><![CDATA[Starting login test
]]></system-out>
    <system-err><![CDATA[Starting ChromeDriver 103.0.5060.53 (a1711811edd74ff1cf2150f36ffa3b0dae40b17f-refs/branch-heads/5060@{#853}) on port 50853
Only local connections are allowed.
Please see https://chromedriver.chromium.org/security-considerations for suggestions on keeping ChromeDriver safe.
ChromeDriver was started successfully.
[1660746269.917][WARNING]: This version of ChromeDriver has not been tested with Chrome version 104.
Aug 17, 2022 7:54:29 PM org.openqa.selenium.remote.ProtocolHandshake createSession
INFO: Detected upstream dialect: W3C
Aug 17, 2022 7:54:29 PM org.openqa.selenium.devtools.CdpVersionFinder findNearestMatch
WARNING: Unable to find an exact match for CDP version 104, so returning the closest version found: 102
Aug 17, 2022 7:54:29 PM org.openqa.selenium.devtools.CdpVersionFinder findNearestMatch
INFO: Found CDP implementation for version 104 of 102
]]></system-err>
  </testcase>
  <testcase name="customerBookingTest[Karthinivash, Gurleen@2](1)" classname="skyfoxapp.testcases.customerBookingTest.ValidatePastDayMoviesTest" time="5.372">
    <system-out><![CDATA[Starting login test
new page
]]></system-out>
    <system-err><![CDATA[Starting ChromeDriver 103.0.5060.53 (a1711811edd74ff1cf2150f36ffa3b0dae40b17f-refs/branch-heads/5060@{#853}) on port 58690
Only local connections are allowed.
Please see https://chromedriver.chromium.org/security-considerations for suggestions on keeping ChromeDriver safe.
ChromeDriver was started successfully.
[1660746286.860][WARNING]: This version of ChromeDriver has not been tested with Chrome version 104.
Aug 17, 2022 7:54:46 PM org.openqa.selenium.remote.ProtocolHandshake createSession
INFO: Detected upstream dialect: W3C
Aug 17, 2022 7:54:46 PM org.openqa.selenium.devtools.CdpVersionFinder findNearestMatch
WARNING: Unable to find an exact match for CDP version 104, so returning the closest version found: 102
Aug 17, 2022 7:54:46 PM org.openqa.selenium.devtools.CdpVersionFinder findNearestMatch
INFO: Found CDP implementation for version 104 of 102
]]></system-err>
  </testcase>
  <testcase name="customerBookingTest[seed-user-3, Gurleen@1, ](1)" classname="skyfoxapp.testcases.customerBookingTest.PositiveCustomerBookingTest" time="11.85">
    <system-out><![CDATA[Starting login test
new page
]]></system-out>
    <system-err><![CDATA[Starting ChromeDriver 103.0.5060.53 (a1711811edd74ff1cf2150f36ffa3b0dae40b17f-refs/branch-heads/5060@{#853}) on port 55573
Only local connections are allowed.
Please see https://chromedriver.chromium.org/security-considerations for suggestions on keeping ChromeDriver safe.
ChromeDriver was started successfully.
[1660746299.826][WARNING]: This version of ChromeDriver has not been tested with Chrome version 104.
Aug 17, 2022 7:54:59 PM org.openqa.selenium.remote.ProtocolHandshake createSession
INFO: Detected upstream dialect: W3C
Aug 17, 2022 7:54:59 PM org.openqa.selenium.devtools.CdpVersionFinder findNearestMatch
WARNING: Unable to find an exact match for CDP version 104, so returning the closest version found: 102
Aug 17, 2022 7:54:59 PM org.openqa.selenium.devtools.CdpVersionFinder findNearestMatch
INFO: Found CDP implementation for version 104 of 102
]]></system-err>
  </testcase>
  <testcase name="customerBookingTest[seed-user-3, Gurleen@1](1)" classname="skyfoxapp.testcases.customerBookingTest.ValidatePastShowsTest" time="8.354">
    <system-out><![CDATA[Starting login test
]]></system-out>
    <system-err><![CDATA[Starting ChromeDriver 103.0.5060.53 (a1711811edd74ff1cf2150f36ffa3b0dae40b17f-refs/branch-heads/5060@{#853}) on port 64118
Only local connections are allowed.
Please see https://chromedriver.chromium.org/security-considerations for suggestions on keeping ChromeDriver safe.
ChromeDriver was started successfully.
[1660746318.576][WARNING]: This version of ChromeDriver has not been tested with Chrome version 104.
Aug 17, 2022 7:55:18 PM org.openqa.selenium.remote.ProtocolHandshake createSession
INFO: Detected upstream dialect: W3C
Aug 17, 2022 7:55:18 PM org.openqa.selenium.devtools.CdpVersionFinder findNearestMatch
WARNING: Unable to find an exact match for CDP version 104, so returning the closest version found: 102
Aug 17, 2022 7:55:18 PM org.openqa.selenium.devtools.CdpVersionFinder findNearestMatch
INFO: Found CDP implementation for version 104 of 102
]]></system-err>
  </testcase>
  <testcase name="customerBookingTest[seed-user-3, Gurleen@1, 100](1)" classname="skyfoxapp.testcases.customerBookingTest.ValidateNumberOfSeatsTest" time="8.558">
    <system-out><![CDATA[Starting login test
new page
]]></system-out>
    <system-err><![CDATA[Starting ChromeDriver 103.0.5060.53 (a1711811edd74ff1cf2150f36ffa3b0dae40b17f-refs/branch-heads/5060@{#853}) on port 57245
Only local connections are allowed.
Please see https://chromedriver.chromium.org/security-considerations for suggestions on keeping ChromeDriver safe.
ChromeDriver was started successfully.
[1660746333.724][WARNING]: This version of ChromeDriver has not been tested with Chrome version 104.
Aug 17, 2022 7:55:33 PM org.openqa.selenium.remote.ProtocolHandshake createSession
INFO: Detected upstream dialect: W3C
Aug 17, 2022 7:55:33 PM org.openqa.selenium.devtools.CdpVersionFinder findNearestMatch
WARNING: Unable to find an exact match for CDP version 104, so returning the closest version found: 102
Aug 17, 2022 7:55:33 PM org.openqa.selenium.devtools.CdpVersionFinder findNearestMatch
INFO: Found CDP implementation for version 104 of 102
]]></system-err>
  </testcase>
  <testcase name="customerBookingTest[seed-user-3, Gurleen@1, 5](1)" classname="skyfoxapp.testcases.customerBookingTest.ValidateAvailableSeatsTest" time="10.748">
    <system-out><![CDATA[Starting login test
new page
]]></system-out>
    <system-err><![CDATA[Starting ChromeDriver 103.0.5060.53 (a1711811edd74ff1cf2150f36ffa3b0dae40b17f-refs/branch-heads/5060@{#853}) on port 53493
Only local connections are allowed.
Please see https://chromedriver.chromium.org/security-considerations for suggestions on keeping ChromeDriver safe.
ChromeDriver was started successfully.
[1660746349.033][WARNING]: This version of ChromeDriver has not been tested with Chrome version 104.
Aug 17, 2022 7:55:49 PM org.openqa.selenium.remote.ProtocolHandshake createSession
INFO: Detected upstream dialect: W3C
Aug 17, 2022 7:55:49 PM org.openqa.selenium.devtools.CdpVersionFinder findNearestMatch
WARNING: Unable to find an exact match for CDP version 104, so returning the closest version found: 102
Aug 17, 2022 7:55:49 PM org.openqa.selenium.devtools.CdpVersionFinder findNearestMatch
INFO: Found CDP implementation for version 104 of 102
]]></system-err>
  </testcase>
  <testcase name="customerBookingTest[Karthinivash, Gurleen@2, , Krupa, 6123457890, krupa@gmail.com](1)" classname="skyfoxapp.testcases.customerBookingTest.ValidateAdminBookingCustomerDetailsTest" time="9.715">
    <system-out><![CDATA[Starting login test
new page
]]></system-out>
    <system-err><![CDATA[Starting ChromeDriver 103.0.5060.53 (a1711811edd74ff1cf2150f36ffa3b0dae40b17f-refs/branch-heads/5060@{#853}) on port 58463
Only local connections are allowed.
Please see https://chromedriver.chromium.org/security-considerations for suggestions on keeping ChromeDriver safe.
ChromeDriver was started successfully.
[1660746366.508][WARNING]: This version of ChromeDriver has not been tested with Chrome version 104.
Aug 17, 2022 7:56:06 PM org.openqa.selenium.remote.ProtocolHandshake createSession
INFO: Detected upstream dialect: W3C
Aug 17, 2022 7:56:06 PM org.openqa.selenium.devtools.CdpVersionFinder findNearestMatch
WARNING: Unable to find an exact match for CDP version 104, so returning the closest version found: 102
Aug 17, 2022 7:56:06 PM org.openqa.selenium.devtools.CdpVersionFinder findNearestMatch
INFO: Found CDP implementation for version 104 of 102
]]></system-err>
  </testcase>
  <testcase name="customerBookingTest[Karthinivash, Gurleen@2, , 6123457890, krupa@gmail.com](1)" classname="skyfoxapp.testcases.customerBookingTest.ValidateAdminBookingNameFeildTest" time="8.614">
    <system-out><![CDATA[Starting login test
new page
]]></system-out>
    <system-err><![CDATA[Starting ChromeDriver 103.0.5060.53 (a1711811edd74ff1cf2150f36ffa3b0dae40b17f-refs/branch-heads/5060@{#853}) on port 61065
Only local connections are allowed.
Please see https://chromedriver.chromium.org/security-considerations for suggestions on keeping ChromeDriver safe.
ChromeDriver was started successfully.
[1660746383.162][WARNING]: This version of ChromeDriver has not been tested with Chrome version 104.
Aug 17, 2022 7:56:23 PM org.openqa.selenium.remote.ProtocolHandshake createSession
INFO: Detected upstream dialect: W3C
Aug 17, 2022 7:56:23 PM org.openqa.selenium.devtools.CdpVersionFinder findNearestMatch
WARNING: Unable to find an exact match for CDP version 104, so returning the closest version found: 102
Aug 17, 2022 7:56:23 PM org.openqa.selenium.devtools.CdpVersionFinder findNearestMatch
INFO: Found CDP implementation for version 104 of 102
]]></system-err>
  </testcase>
  <testcase name="customerBookingTest[Karthinivash, Gurleen@2, , Krupa, 1123457890, krupa@gmail.com](1)" classname="skyfoxapp.testcases.customerBookingTest.ValidateAdminBookingPhnNumberFieldTest" time="8.616">
    <system-out><![CDATA[Starting login test
new page
]]></system-out>
    <system-err><![CDATA[Starting ChromeDriver 103.0.5060.53 (a1711811edd74ff1cf2150f36ffa3b0dae40b17f-refs/branch-heads/5060@{#853}) on port 55008
Only local connections are allowed.
Please see https://chromedriver.chromium.org/security-considerations for suggestions on keeping ChromeDriver safe.
ChromeDriver was started successfully.
[1660746398.502][WARNING]: This version of ChromeDriver has not been tested with Chrome version 104.
Aug 17, 2022 7:56:38 PM org.openqa.selenium.remote.ProtocolHandshake createSession
INFO: Detected upstream dialect: W3C
Aug 17, 2022 7:56:38 PM org.openqa.selenium.devtools.CdpVersionFinder findNearestMatch
WARNING: Unable to find an exact match for CDP version 104, so returning the closest version found: 102
Aug 17, 2022 7:56:38 PM org.openqa.selenium.devtools.CdpVersionFinder findNearestMatch
INFO: Found CDP implementation for version 104 of 102
]]></system-err>
  </testcase>
  <testcase name="customerBookingTest[Karthinivash, Gurleen@2, , Krupa, 6123457890, krupa](1)" classname="skyfoxapp.testcases.customerBookingTest.ValidateAdminBookingEmailTest" time="8.636">
    <system-out><![CDATA[Starting login test
new page
]]></system-out>
    <system-err><![CDATA[Starting ChromeDriver 103.0.5060.53 (a1711811edd74ff1cf2150f36ffa3b0dae40b17f-refs/branch-heads/5060@{#853}) on port 64041
Only local connections are allowed.
Please see https://chromedriver.chromium.org/security-considerations for suggestions on keeping ChromeDriver safe.
ChromeDriver was started successfully.
[1660746413.874][WARNING]: This version of ChromeDriver has not been tested with Chrome version 104.
Aug 17, 2022 7:56:53 PM org.openqa.selenium.remote.ProtocolHandshake createSession
INFO: Detected upstream dialect: W3C
Aug 17, 2022 7:56:53 PM org.openqa.selenium.devtools.CdpVersionFinder findNearestMatch
WARNING: Unable to find an exact match for CDP version 104, so returning the closest version found: 102
Aug 17, 2022 7:56:53 PM org.openqa.selenium.devtools.CdpVersionFinder findNearestMatch
INFO: Found CDP implementation for version 104 of 102
]]></system-err>
  </testcase>
</testsuite>