<?xml version="1.0" encoding="UTF-8"?>
<testsuite xmlns:xsi="http://www.w3.org/2001/XMLSchema-instance" xsi:noNamespaceSchemaLocation="https://maven.apache.org/surefire/maven-surefire-plugin/xsd/surefire-test-report-3.0.xsd" version="3.0" name="TestSuite" time="220.282" tests="25" errors="0" skipped="0" failures="0">
  <properties>
[...]
</properties>
  <testcase name="loginPageTest[Karthinivash, Gurleen@2](1)" classname="skyfoxapp.testcases.loginpagetest.PositiveLoginTest" time="1.191">
    <system-out><![CDATA[Starting login test
]]></system-out>
    <system-err><![CDATA[SLF4J: Failed to load class "org.slf4j.impl.StaticLoggerBinder".
SLF4J: Defaulting to no-operation (NOP) logger implementation
SLF4J: See http://www.slf4j.org/codes.html#StaticLoggerBinder for further details.
Starting ChromeDriver 103.0.5060.53 (a1711811edd74ff1cf2150f36ffa3b0dae40b17f-refs/branch-heads/5060@{#853}) on port 55902
Only local connections are allowed.
Please see https://chromedriver.chromium.org/security-considerations for suggestions on keeping ChromeDriver safe.
ChromeDriver was started successfully.
[1660304070.635][WARNING]: This version of ChromeDriver has not been tested with Chrome version 104.
Aug 12, 2022 5:04:30 PM org.openqa.selenium.remote.ProtocolHandshake createSession
INFO: Detected upstream dialect: W3C
Aug 12, 2022 5:04:30 PM org.openqa.selenium.devtools.CdpVersionFinder findNearestMatch
WARNING: Unable to find an exact match for CDP version 104, so returning the closest version found: 103
Aug 12, 2022 5:04:30 PM org.openqa.selenium.devtools.CdpVersionFinder findNearestMatch
INFO: Found CDP implementation for version 104 of 103
]]></system-err>
  </testcase>
  <testcase name="loginPageTest[Karthinivah, Gurleen@2, Login failed](1)" classname="skyfoxapp.testcases.loginpagetest.NegativeLoginTest" time="3.234">
    <system-out><![CDATA[Starting login test
http://ec2-65-2-126-57.ap-south-1.compute.amazonaws.com:3000/login
Login failed
]]></system-out>
    <system-err><![CDATA[Starting ChromeDriver 103.0.5060.53 (a1711811edd74ff1cf2150f36ffa3b0dae40b17f-refs/branch-heads/5060@{#853}) on port 62895
Only local connections are allowed.
Please see https://chromedriver.chromium.org/security-considerations for suggestions on keeping ChromeDriver safe.
ChromeDriver was started successfully.
[1660304074.347][WARNING]: This version of ChromeDriver has not been tested with Chrome version 104.
Aug 12, 2022 5:04:34 PM org.openqa.selenium.remote.ProtocolHandshake createSession
INFO: Detected upstream dialect: W3C
Aug 12, 2022 5:04:34 PM org.openqa.selenium.devtools.CdpVersionFinder findNearestMatch
WARNING: Unable to find an exact match for CDP version 104, so returning the closest version found: 103
Aug 12, 2022 5:04:34 PM org.openqa.selenium.devtools.CdpVersionFinder findNearestMatch
INFO: Found CDP implementation for version 104 of 103
]]></system-err>
  </testcase>
  <testcase name="loginPageTest[Karthinivash, Gurleen@1, Login failed](1)" classname="skyfoxapp.testcases.loginpagetest.NegativeLoginTest" time="3.196">
    <system-out><![CDATA[Starting login test
http://ec2-65-2-126-57.ap-south-1.compute.amazonaws.com:3000/login
Login failed
]]></system-out>
    <system-err><![CDATA[Starting ChromeDriver 103.0.5060.53 (a1711811edd74ff1cf2150f36ffa3b0dae40b17f-refs/branch-heads/5060@{#853}) on port 65352
Only local connections are allowed.
Please see https://chromedriver.chromium.org/security-considerations for suggestions on keeping ChromeDriver safe.
ChromeDriver was started successfully.
[1660304080.694][WARNING]: This version of ChromeDriver has not been tested with Chrome version 104.
Aug 12, 2022 5:04:40 PM org.openqa.selenium.remote.ProtocolHandshake createSession
INFO: Detected upstream dialect: W3C
Aug 12, 2022 5:04:40 PM org.openqa.selenium.devtools.CdpVersionFinder findNearestMatch
WARNING: Unable to find an exact match for CDP version 104, so returning the closest version found: 103
Aug 12, 2022 5:04:40 PM org.openqa.selenium.devtools.CdpVersionFinder findNearestMatch
INFO: Found CDP implementation for version 104 of 103
]]></system-err>
  </testcase>
  <testcase name="customerSignupPageTest[aswini, aswini10, aswini@gmail.com, 9067834521, Aswini.1, Aswini.1](1)" classname="skyfoxapp.testcases.customersignuptest.ValidatingAllFieldsPositiveTest" time="4.57">
    <system-out><![CDATA[Starting login test
http://ec2-65-2-126-57.ap-south-1.compute.amazonaws.com:3000/signup
]]></system-out>
    <system-err><![CDATA[Starting ChromeDriver 103.0.5060.53 (a1711811edd74ff1cf2150f36ffa3b0dae40b17f-refs/branch-heads/5060@{#853}) on port 54798
Only local connections are allowed.
Please see https://chromedriver.chromium.org/security-considerations for suggestions on keeping ChromeDriver safe.
ChromeDriver was started successfully.
[1660304086.683][WARNING]: This version of ChromeDriver has not been tested with Chrome version 104.
Aug 12, 2022 5:04:46 PM org.openqa.selenium.remote.ProtocolHandshake createSession
INFO: Detected upstream dialect: W3C
Aug 12, 2022 5:04:46 PM org.openqa.selenium.devtools.CdpVersionFinder findNearestMatch
WARNING: Unable to find an exact match for CDP version 104, so returning the closest version found: 103
Aug 12, 2022 5:04:46 PM org.openqa.selenium.devtools.CdpVersionFinder findNearestMatch
INFO: Found CDP implementation for version 104 of 103
]]></system-err>
  </testcase>
  <testcase name="customerSignupPageTest[, , , , , , Name is required, Username is required, Email is required, Mobile number is required, Password is required, Password is required](1)" classname="skyfoxapp.testcases.customersignuptest.ValidatingAllFieldsNegativeTest" time="8.674">
    <system-out><![CDATA[Starting login test
http://ec2-65-2-126-57.ap-south-1.compute.amazonaws.com:3000/signup
Name is required
Username is required
Email is required
Mobile number is required
Password is required
Password is required
]]></system-out>
    <system-err><![CDATA[Starting ChromeDriver 103.0.5060.53 (a1711811edd74ff1cf2150f36ffa3b0dae40b17f-refs/branch-heads/5060@{#853}) on port 61485
Only local connections are allowed.
Please see https://chromedriver.chromium.org/security-considerations for suggestions on keeping ChromeDriver safe.
ChromeDriver was started successfully.
[1660304094.811][WARNING]: This version of ChromeDriver has not been tested with Chrome version 104.
Aug 12, 2022 5:04:54 PM org.openqa.selenium.remote.ProtocolHandshake createSession
INFO: Detected upstream dialect: W3C
Aug 12, 2022 5:04:54 PM org.openqa.selenium.devtools.CdpVersionFinder findNearestMatch
WARNING: Unable to find an exact match for CDP version 104, so returning the closest version found: 103
Aug 12, 2022 5:04:54 PM org.openqa.selenium.devtools.CdpVersionFinder findNearestMatch
INFO: Found CDP implementation for version 104 of 103
]]></system-err>
  </testcase>
  <testcase name="usernameValidityChecking[aswini, seed-user-1, aswini@gmail.com, 9087654123, Aswini.1, Aswini.1, A user with the username already exists](1)" classname="skyfoxapp.testcases.customersignuptest.ValidatingAlreadyExistingUsernameTest" time="4.608">
    <system-out><![CDATA[Starting login test
http://ec2-65-2-126-57.ap-south-1.compute.amazonaws.com:3000/signup
A user with the username already exists
]]></system-out>
    <system-err><![CDATA[Starting ChromeDriver 103.0.5060.53 (a1711811edd74ff1cf2150f36ffa3b0dae40b17f-refs/branch-heads/5060@{#853}) on port 52440
Only local connections are allowed.
Please see https://chromedriver.chromium.org/security-considerations for suggestions on keeping ChromeDriver safe.
ChromeDriver was started successfully.
[1660304107.246][WARNING]: This version of ChromeDriver has not been tested with Chrome version 104.
Aug 12, 2022 5:05:07 PM org.openqa.selenium.remote.ProtocolHandshake createSession
INFO: Detected upstream dialect: W3C
Aug 12, 2022 5:05:07 PM org.openqa.selenium.devtools.CdpVersionFinder findNearestMatch
WARNING: Unable to find an exact match for CDP version 104, so returning the closest version found: 103
Aug 12, 2022 5:05:07 PM org.openqa.selenium.devtools.CdpVersionFinder findNearestMatch
INFO: Found CDP implementation for version 104 of 103
]]></system-err>
  </testcase>
  <testcase name="emailValidityChecking[aswini, aswini, aswinigmail.com, 9087654123, Aswini.1, Aswini.1, Invalid Email](1)" classname="skyfoxapp.testcases.customersignuptest.ValidatingEmailIdTest" time="3.626">
    <system-out><![CDATA[Starting login test
http://ec2-65-2-126-57.ap-south-1.compute.amazonaws.com:3000/signup
Invalid Email
]]></system-out>
    <system-err><![CDATA[Starting ChromeDriver 103.0.5060.53 (a1711811edd74ff1cf2150f36ffa3b0dae40b17f-refs/branch-heads/5060@{#853}) on port 57094
Only local connections are allowed.
Please see https://chromedriver.chromium.org/security-considerations for suggestions on keeping ChromeDriver safe.
ChromeDriver was started successfully.
[1660304119.290][WARNING]: This version of ChromeDriver has not been tested with Chrome version 104.
Aug 12, 2022 5:05:19 PM org.openqa.selenium.remote.ProtocolHandshake createSession
INFO: Detected upstream dialect: W3C
Aug 12, 2022 5:05:19 PM org.openqa.selenium.devtools.CdpVersionFinder findNearestMatch
WARNING: Unable to find an exact match for CDP version 104, so returning the closest version found: 103
Aug 12, 2022 5:05:19 PM org.openqa.selenium.devtools.CdpVersionFinder findNearestMatch
INFO: Found CDP implementation for version 104 of 103
]]></system-err>
  </testcase>
  <testcase name="emailValidityChecking[aswini, aswini, aswini@gmailcom, 9087654123, Aswini.1, Aswini.1, Invalid Email](1)" classname="skyfoxapp.testcases.customersignuptest.ValidatingEmailIdTest" time="3.622">
    <system-out><![CDATA[Starting login test
http://ec2-65-2-126-57.ap-south-1.compute.amazonaws.com:3000/signup
Invalid Email
]]></system-out>
    <system-err><![CDATA[Starting ChromeDriver 103.0.5060.53 (a1711811edd74ff1cf2150f36ffa3b0dae40b17f-refs/branch-heads/5060@{#853}) on port 63180
Only local connections are allowed.
Please see https://chromedriver.chromium.org/security-considerations for suggestions on keeping ChromeDriver safe.
ChromeDriver was started successfully.
[1660304127.066][WARNING]: This version of ChromeDriver has not been tested with Chrome version 104.
Aug 12, 2022 5:05:27 PM org.openqa.selenium.remote.ProtocolHandshake createSession
INFO: Detected upstream dialect: W3C
Aug 12, 2022 5:05:27 PM org.openqa.selenium.devtools.CdpVersionFinder findNearestMatch
WARNING: Unable to find an exact match for CDP version 104, so returning the closest version found: 103
Aug 12, 2022 5:05:27 PM org.openqa.selenium.devtools.CdpVersionFinder findNearestMatch
INFO: Found CDP implementation for version 104 of 103
]]></system-err>
  </testcase>
  <testcase name="mobileNumberValidityChecking[aswini, aswini, aswini@gmail.com, 9087654, Aswini.1, Aswini.1, Enter a valid mobile number](1)" classname="skyfoxapp.testcases.customersignuptest.ValidatingMobileNumberTest" time="3.626">
    <system-out><![CDATA[Starting login test
http://ec2-65-2-126-57.ap-south-1.compute.amazonaws.com:3000/signup
Enter a valid mobile number
]]></system-out>
    <system-err><![CDATA[Starting ChromeDriver 103.0.5060.53 (a1711811edd74ff1cf2150f36ffa3b0dae40b17f-refs/branch-heads/5060@{#853}) on port 50259
Only local connections are allowed.
Please see https://chromedriver.chromium.org/security-considerations for suggestions on keeping ChromeDriver safe.
ChromeDriver was started successfully.
[1660304134.518][WARNING]: This version of ChromeDriver has not been tested with Chrome version 104.
Aug 12, 2022 5:05:34 PM org.openqa.selenium.remote.ProtocolHandshake createSession
INFO: Detected upstream dialect: W3C
Aug 12, 2022 5:05:34 PM org.openqa.selenium.devtools.CdpVersionFinder findNearestMatch
WARNING: Unable to find an exact match for CDP version 104, so returning the closest version found: 103
Aug 12, 2022 5:05:34 PM org.openqa.selenium.devtools.CdpVersionFinder findNearestMatch
INFO: Found CDP implementation for version 104 of 103
]]></system-err>
  </testcase>
  <testcase name="mobileNumberValidityChecking[aswini, aswini, aswini@gmail.com, 908765423456789, Aswini.1, Aswini.1, Enter a valid mobile number](1)" classname="skyfoxapp.testcases.customersignuptest.ValidatingMobileNumberTest" time="3.612">
    <system-out><![CDATA[Starting login test
http://ec2-65-2-126-57.ap-south-1.compute.amazonaws.com:3000/signup
Enter a valid mobile number
]]></system-out>
    <system-err><![CDATA[Starting ChromeDriver 103.0.5060.53 (a1711811edd74ff1cf2150f36ffa3b0dae40b17f-refs/branch-heads/5060@{#853}) on port 64977
Only local connections are allowed.
Please see https://chromedriver.chromium.org/security-considerations for suggestions on keeping ChromeDriver safe.
ChromeDriver was started successfully.
[1660304142.299][WARNING]: This version of ChromeDriver has not been tested with Chrome version 104.
Aug 12, 2022 5:05:42 PM org.openqa.selenium.remote.ProtocolHandshake createSession
INFO: Detected upstream dialect: W3C
Aug 12, 2022 5:05:42 PM org.openqa.selenium.devtools.CdpVersionFinder findNearestMatch
WARNING: Unable to find an exact match for CDP version 104, so returning the closest version found: 103
Aug 12, 2022 5:05:42 PM org.openqa.selenium.devtools.CdpVersionFinder findNearestMatch
INFO: Found CDP implementation for version 104 of 103
]]></system-err>
  </testcase>
  <testcase name="passwordValidityChecking[aswini, aswini, aswini@gmail.com, 9087654321, aswini.1, aswini.1, Password must contain 8-64 characters,&#10;at least one uppercase character,&#10;one number and one special character](1)" classname="skyfoxapp.testcases.customersignuptest.ValidatingPasswordTest" time="2.551">
    <system-out><![CDATA[Starting login test
http://ec2-65-2-126-57.ap-south-1.compute.amazonaws.com:3000/signup
Password must contain 8-64 characters,
at least one uppercase character,
one number and one special character
]]></system-out>
    <system-err><![CDATA[Starting ChromeDriver 103.0.5060.53 (a1711811edd74ff1cf2150f36ffa3b0dae40b17f-refs/branch-heads/5060@{#853}) on port 55583
Only local connections are allowed.
Please see https://chromedriver.chromium.org/security-considerations for suggestions on keeping ChromeDriver safe.
ChromeDriver was started successfully.
[1660304151.636][WARNING]: This version of ChromeDriver has not been tested with Chrome version 104.
Aug 12, 2022 5:05:51 PM org.openqa.selenium.remote.ProtocolHandshake createSession
INFO: Detected upstream dialect: W3C
Aug 12, 2022 5:05:51 PM org.openqa.selenium.devtools.CdpVersionFinder findNearestMatch
WARNING: Unable to find an exact match for CDP version 104, so returning the closest version found: 103
Aug 12, 2022 5:05:51 PM org.openqa.selenium.devtools.CdpVersionFinder findNearestMatch
INFO: Found CDP implementation for version 104 of 103
]]></system-err>
  </testcase>
  <testcase name="passwordValidityChecking[aswini, aswini, aswini@gmail.com, 9087654321, Aswini.., Aswini.., Password must contain 8-64 characters,&#10;at least one uppercase character,&#10;one number and one special character](1)" classname="skyfoxapp.testcases.customersignuptest.ValidatingPasswordTest" time="2.572">
    <system-out><![CDATA[Starting login test
http://ec2-65-2-126-57.ap-south-1.compute.amazonaws.com:3000/signup
Password must contain 8-64 characters,
at least one uppercase character,
one number and one special character
]]></system-out>
    <system-err><![CDATA[Starting ChromeDriver 103.0.5060.53 (a1711811edd74ff1cf2150f36ffa3b0dae40b17f-refs/branch-heads/5060@{#853}) on port 51443
Only local connections are allowed.
Please see https://chromedriver.chromium.org/security-considerations for suggestions on keeping ChromeDriver safe.
ChromeDriver was started successfully.
[1660304157.859][WARNING]: This version of ChromeDriver has not been tested with Chrome version 104.
Aug 12, 2022 5:05:57 PM org.openqa.selenium.remote.ProtocolHandshake createSession
INFO: Detected upstream dialect: W3C
Aug 12, 2022 5:05:57 PM org.openqa.selenium.devtools.CdpVersionFinder findNearestMatch
WARNING: Unable to find an exact match for CDP version 104, so returning the closest version found: 103
Aug 12, 2022 5:05:57 PM org.openqa.selenium.devtools.CdpVersionFinder findNearestMatch
INFO: Found CDP implementation for version 104 of 103
]]></system-err>
  </testcase>
  <testcase name="passwordValidityChecking[aswini, aswini, aswini@gmail.com, 9087654321, Aswini11, Aswini11, Password must contain 8-64 characters,&#10;at least one uppercase character,&#10;one number and one special character](1)" classname="skyfoxapp.testcases.customersignuptest.ValidatingPasswordTest" time="2.592">
    <system-out><![CDATA[Starting login test
http://ec2-65-2-126-57.ap-south-1.compute.amazonaws.com:3000/signup
Password must contain 8-64 characters,
at least one uppercase character,
one number and one special character
]]></system-out>
    <system-err><![CDATA[Starting ChromeDriver 103.0.5060.53 (a1711811edd74ff1cf2150f36ffa3b0dae40b17f-refs/branch-heads/5060@{#853}) on port 62357
Only local connections are allowed.
Please see https://chromedriver.chromium.org/security-considerations for suggestions on keeping ChromeDriver safe.
ChromeDriver was started successfully.
[1660304164.120][WARNING]: This version of ChromeDriver has not been tested with Chrome version 104.
Aug 12, 2022 5:06:04 PM org.openqa.selenium.remote.ProtocolHandshake createSession
INFO: Detected upstream dialect: W3C
Aug 12, 2022 5:06:04 PM org.openqa.selenium.devtools.CdpVersionFinder findNearestMatch
WARNING: Unable to find an exact match for CDP version 104, so returning the closest version found: 103
Aug 12, 2022 5:06:04 PM org.openqa.selenium.devtools.CdpVersionFinder findNearestMatch
INFO: Found CDP implementation for version 104 of 103
]]></system-err>
  </testcase>
  <testcase name="passwordValidityChecking[aswini, aswini, aswini@gmail.com, 9087654321, Abc.1, Abc.1, Password must contain 8-64 characters,&#10;at least one uppercase character,&#10;one number and one special character](1)" classname="skyfoxapp.testcases.customersignuptest.ValidatingPasswordTest" time="2.564">
    <system-out><![CDATA[Starting login test
http://ec2-65-2-126-57.ap-south-1.compute.amazonaws.com:3000/signup
Password must contain 8-64 characters,
at least one uppercase character,
one number and one special character
]]></system-out>
    <system-err><![CDATA[Starting ChromeDriver 103.0.5060.53 (a1711811edd74ff1cf2150f36ffa3b0dae40b17f-refs/branch-heads/5060@{#853}) on port 61006
Only local connections are allowed.
Please see https://chromedriver.chromium.org/security-considerations for suggestions on keeping ChromeDriver safe.
ChromeDriver was started successfully.
[1660304170.421][WARNING]: This version of ChromeDriver has not been tested with Chrome version 104.
Aug 12, 2022 5:06:10 PM org.openqa.selenium.remote.ProtocolHandshake createSession
INFO: Detected upstream dialect: W3C
Aug 12, 2022 5:06:10 PM org.openqa.selenium.devtools.CdpVersionFinder findNearestMatch
WARNING: Unable to find an exact match for CDP version 104, so returning the closest version found: 103
Aug 12, 2022 5:06:10 PM org.openqa.selenium.devtools.CdpVersionFinder findNearestMatch
INFO: Found CDP implementation for version 104 of 103
]]></system-err>
  </testcase>
  <testcase name="passwordValidityChecking[aswini, aswini, aswini@gmail.com, 9087654321, A group of words containing a subject and a verb, that expresses a statement, a question, etc1., A group of words containing a subject and a verb, that expresses a statement, a question, etc1., Password must contain 8-64 characters,&#10;at least one uppercase character,&#10;one number and one special character](1)" classname="skyfoxapp.testcases.customersignuptest.ValidatingPasswordTest" time="2.765">
    <system-out><![CDATA[Starting login test
http://ec2-65-2-126-57.ap-south-1.compute.amazonaws.com:3000/signup
Password must contain 8-64 characters,
at least one uppercase character,
one number and one special character
]]></system-out>
    <system-err><![CDATA[Starting ChromeDriver 103.0.5060.53 (a1711811edd74ff1cf2150f36ffa3b0dae40b17f-refs/branch-heads/5060@{#853}) on port 62847
Only local connections are allowed.
Please see https://chromedriver.chromium.org/security-considerations for suggestions on keeping ChromeDriver safe.
ChromeDriver was started successfully.
[1660304176.388][WARNING]: This version of ChromeDriver has not been tested with Chrome version 104.
Aug 12, 2022 5:06:16 PM org.openqa.selenium.remote.ProtocolHandshake createSession
INFO: Detected upstream dialect: W3C
Aug 12, 2022 5:06:16 PM org.openqa.selenium.devtools.CdpVersionFinder findNearestMatch
WARNING: Unable to find an exact match for CDP version 104, so returning the closest version found: 103
Aug 12, 2022 5:06:16 PM org.openqa.selenium.devtools.CdpVersionFinder findNearestMatch
INFO: Found CDP implementation for version 104 of 103
]]></system-err>
  </testcase>
  <testcase name="passwordValidityChecking[aswini, aswini, aswini@gmail.com, 9087654321, abcdef, abcdef, Password must contain 8-64 characters,&#10;at least one uppercase character,&#10;one number and one special character](1)" classname="skyfoxapp.testcases.customersignuptest.ValidatingPasswordTest" time="2.582">
    <system-out><![CDATA[Starting login test
http://ec2-65-2-126-57.ap-south-1.compute.amazonaws.com:3000/signup
Password must contain 8-64 characters,
at least one uppercase character,
one number and one special character
]]></system-out>
    <system-err><![CDATA[Starting ChromeDriver 103.0.5060.53 (a1711811edd74ff1cf2150f36ffa3b0dae40b17f-refs/branch-heads/5060@{#853}) on port 58194
Only local connections are allowed.
Please see https://chromedriver.chromium.org/security-considerations for suggestions on keeping ChromeDriver safe.
ChromeDriver was started successfully.
[1660304182.545][WARNING]: This version of ChromeDriver has not been tested with Chrome version 104.
Aug 12, 2022 5:06:22 PM org.openqa.selenium.remote.ProtocolHandshake createSession
INFO: Detected upstream dialect: W3C
Aug 12, 2022 5:06:22 PM org.openqa.selenium.devtools.CdpVersionFinder findNearestMatch
WARNING: Unable to find an exact match for CDP version 104, so returning the closest version found: 103
Aug 12, 2022 5:06:22 PM org.openqa.selenium.devtools.CdpVersionFinder findNearestMatch
INFO: Found CDP implementation for version 104 of 103
]]></system-err>
  </testcase>
  <testcase name="confirmPasswordAndPasswordMatchValidation[aswini, aswini, aswini@gmail.com, 9087654321, Aswini.1, aswini.1, Password and confirm password do not match](1)" classname="skyfoxapp.testcases.customersignuptest.ValidatingConfirmPasswordtTest" time="5.122">
    <system-out><![CDATA[Starting login test
http://ec2-65-2-126-57.ap-south-1.compute.amazonaws.com:3000/signup
Password and confirm password do not match
Password and confirm password do not match
]]></system-out>
    <system-err><![CDATA[Starting ChromeDriver 103.0.5060.53 (a1711811edd74ff1cf2150f36ffa3b0dae40b17f-refs/branch-heads/5060@{#853}) on port 53559
Only local connections are allowed.
Please see https://chromedriver.chromium.org/security-considerations for suggestions on keeping ChromeDriver safe.
ChromeDriver was started successfully.
[1660304190.636][WARNING]: This version of ChromeDriver has not been tested with Chrome version 104.
Aug 12, 2022 5:06:30 PM org.openqa.selenium.remote.ProtocolHandshake createSession
INFO: Detected upstream dialect: W3C
Aug 12, 2022 5:06:30 PM org.openqa.selenium.devtools.CdpVersionFinder findNearestMatch
WARNING: Unable to find an exact match for CDP version 104, so returning the closest version found: 103
Aug 12, 2022 5:06:30 PM org.openqa.selenium.devtools.CdpVersionFinder findNearestMatch
INFO: Found CDP implementation for version 104 of 103
]]></system-err>
  </testcase>
  <testcase name="scheduleMovieTest[Karthinivash, Gurleen@2, 200](1)" classname="skyfoxapp.testcases.addMovieScheduleTest.PositiveScheduleTest" time="10.974">
    <system-out><![CDATA[Starting login test
new page
Clicked Schedule Button
Selected slot
Cost entered
Selected Dropdown
clickable
clicked Cross mark
]]></system-out>
    <system-err><![CDATA[Starting ChromeDriver 103.0.5060.53 (a1711811edd74ff1cf2150f36ffa3b0dae40b17f-refs/branch-heads/5060@{#853}) on port 54658
Only local connections are allowed.
Please see https://chromedriver.chromium.org/security-considerations for suggestions on keeping ChromeDriver safe.
ChromeDriver was started successfully.
[1660304200.671][WARNING]: This version of ChromeDriver has not been tested with Chrome version 104.
Aug 12, 2022 5:06:40 PM org.openqa.selenium.remote.ProtocolHandshake createSession
INFO: Detected upstream dialect: W3C
Aug 12, 2022 5:06:40 PM org.openqa.selenium.devtools.CdpVersionFinder findNearestMatch
WARNING: Unable to find an exact match for CDP version 104, so returning the closest version found: 103
Aug 12, 2022 5:06:40 PM org.openqa.selenium.devtools.CdpVersionFinder findNearestMatch
INFO: Found CDP implementation for version 104 of 103
]]></system-err>
  </testcase>
  <testcase name="loginPageTest[Karthinivash, Gurleen@2, vmn, Invalid cost](1)" classname="skyfoxapp.testcases.addMovieScheduleTest.NegativeScheduleTest" time="9.903">
    <system-out><![CDATA[Starting login test
new page
Clicked Schedule Button
Selected slot
Cost entered
Selected Dropdown
]]></system-out>
    <system-err><![CDATA[Starting ChromeDriver 103.0.5060.53 (a1711811edd74ff1cf2150f36ffa3b0dae40b17f-refs/branch-heads/5060@{#853}) on port 61632
Only local connections are allowed.
Please see https://chromedriver.chromium.org/security-considerations for suggestions on keeping ChromeDriver safe.
ChromeDriver was started successfully.
[1660304214.184][WARNING]: This version of ChromeDriver has not been tested with Chrome version 104.
Aug 12, 2022 5:06:54 PM org.openqa.selenium.remote.ProtocolHandshake createSession
INFO: Detected upstream dialect: W3C
Aug 12, 2022 5:06:54 PM org.openqa.selenium.devtools.CdpVersionFinder findNearestMatch
WARNING: Unable to find an exact match for CDP version 104, so returning the closest version found: 103
Aug 12, 2022 5:06:54 PM org.openqa.selenium.devtools.CdpVersionFinder findNearestMatch
INFO: Found CDP implementation for version 104 of 103
]]></system-err>
  </testcase>
  <testcase name="changePasswordTest[Karthinivash, Gurleen@2, Gurleen@2, Skyfox@4, Skyfox@4](1)" classname="skyfoxapp.testcases.changepasswordtest.PositiveChangePasswordTest" time="7.996">
    <system-out><![CDATA[Starting login test
Clicked profile icon
Clicked Change Password button
Entered all fields
0
]]></system-out>
    <system-err><![CDATA[Starting ChromeDriver 103.0.5060.53 (a1711811edd74ff1cf2150f36ffa3b0dae40b17f-refs/branch-heads/5060@{#853}) on port 61728
Only local connections are allowed.
Please see https://chromedriver.chromium.org/security-considerations for suggestions on keeping ChromeDriver safe.
ChromeDriver was started successfully.
[1660304227.240][WARNING]: This version of ChromeDriver has not been tested with Chrome version 104.
Aug 12, 2022 5:07:07 PM org.openqa.selenium.remote.ProtocolHandshake createSession
INFO: Detected upstream dialect: W3C
Aug 12, 2022 5:07:07 PM org.openqa.selenium.devtools.CdpVersionFinder findNearestMatch
WARNING: Unable to find an exact match for CDP version 104, so returning the closest version found: 103
Aug 12, 2022 5:07:07 PM org.openqa.selenium.devtools.CdpVersionFinder findNearestMatch
INFO: Found CDP implementation for version 104 of 103
]]></system-err>
  </testcase>
  <testcase name="changePasswordTest[Karthinivash, Gurleen@2, Gurleen@2, Skyfox4, Skyfox4](1)" classname="skyfoxapp.testcases.changepasswordtest.ValidateNewPasswordTest" time="8.312">
    <system-out><![CDATA[Starting login test
Clicked profile icon
Clicked Change Password button
Entered all fields
]]></system-out>
    <system-err><![CDATA[Starting ChromeDriver 103.0.5060.53 (a1711811edd74ff1cf2150f36ffa3b0dae40b17f-refs/branch-heads/5060@{#853}) on port 59855
Only local connections are allowed.
Please see https://chromedriver.chromium.org/security-considerations for suggestions on keeping ChromeDriver safe.
ChromeDriver was started successfully.
[1660304238.094][WARNING]: This version of ChromeDriver has not been tested with Chrome version 104.
Aug 12, 2022 5:07:18 PM org.openqa.selenium.remote.ProtocolHandshake createSession
INFO: Detected upstream dialect: W3C
Aug 12, 2022 5:07:18 PM org.openqa.selenium.devtools.CdpVersionFinder findNearestMatch
WARNING: Unable to find an exact match for CDP version 104, so returning the closest version found: 103
Aug 12, 2022 5:07:18 PM org.openqa.selenium.devtools.CdpVersionFinder findNearestMatch
INFO: Found CDP implementation for version 104 of 103
]]></system-err>
  </testcase>
  <testcase name="changePasswordTest[Karthinivash, Gurleen@2, Gurleen@2, Skyfox@4, Skyfox4](1)" classname="skyfoxapp.testcases.changepasswordtest.ValidateConfirmPasswordTest" time="2.779">
    <system-out><![CDATA[Starting login test
Clicked profile icon
Clicked Change Password button
Entered all fields
]]></system-out>
    <system-err><![CDATA[Starting ChromeDriver 103.0.5060.53 (a1711811edd74ff1cf2150f36ffa3b0dae40b17f-refs/branch-heads/5060@{#853}) on port 54653
Only local connections are allowed.
Please see https://chromedriver.chromium.org/security-considerations for suggestions on keeping ChromeDriver safe.
ChromeDriver was started successfully.
[1660304249.254][WARNING]: This version of ChromeDriver has not been tested with Chrome version 104.
Aug 12, 2022 5:07:29 PM org.openqa.selenium.remote.ProtocolHandshake createSession
INFO: Detected upstream dialect: W3C
Aug 12, 2022 5:07:29 PM org.openqa.selenium.devtools.CdpVersionFinder findNearestMatch
WARNING: Unable to find an exact match for CDP version 104, so returning the closest version found: 103
Aug 12, 2022 5:07:29 PM org.openqa.selenium.devtools.CdpVersionFinder findNearestMatch
INFO: Found CDP implementation for version 104 of 103
]]></system-err>
  </testcase>
  <testcase name="changePasswordTest[Karthinivash, Gurleen@2, Gurleen@2, Gurleen@2, Gurleen@2](1)" classname="skyfoxapp.testcases.changepasswordtest.ValidatePreviousPasswordTest" time="3.879">
    <system-out><![CDATA[Starting login test
Clicked profile icon
Clicked Change Password button
Entered all fields
]]></system-out>
    <system-err><![CDATA[Starting ChromeDriver 103.0.5060.53 (a1711811edd74ff1cf2150f36ffa3b0dae40b17f-refs/branch-heads/5060@{#853}) on port 49774
Only local connections are allowed.
Please see https://chromedriver.chromium.org/security-considerations for suggestions on keeping ChromeDriver safe.
ChromeDriver was started successfully.
[1660304254.785][WARNING]: This version of ChromeDriver has not been tested with Chrome version 104.
Aug 12, 2022 5:07:34 PM org.openqa.selenium.remote.ProtocolHandshake createSession
INFO: Detected upstream dialect: W3C
Aug 12, 2022 5:07:34 PM org.openqa.selenium.devtools.CdpVersionFinder findNearestMatch
WARNING: Unable to find an exact match for CDP version 104, so returning the closest version found: 103
Aug 12, 2022 5:07:34 PM org.openqa.selenium.devtools.CdpVersionFinder findNearestMatch
INFO: Found CDP implementation for version 104 of 103
]]></system-err>
  </testcase>
  <testcase name="changePasswordTest[Karthinivash, Gurleen@2, Skyfox@4, Skyfox@5, Skyfox@5](1)" classname="skyfoxapp.testcases.changepasswordtest.ValidateInvalidCurrentPasswordTest" time="3.98">
    <system-out><![CDATA[Starting login test
Clicked profile icon
Clicked Change Password button
Entered all fields
Invalid current password
]]></system-out>
    <system-err><![CDATA[Starting ChromeDriver 103.0.5060.53 (a1711811edd74ff1cf2150f36ffa3b0dae40b17f-refs/branch-heads/5060@{#853}) on port 58115
Only local connections are allowed.
Please see https://chromedriver.chromium.org/security-considerations for suggestions on keeping ChromeDriver safe.
ChromeDriver was started successfully.
[1660304262.440][WARNING]: This version of ChromeDriver has not been tested with Chrome version 104.
Aug 12, 2022 5:07:42 PM org.openqa.selenium.remote.ProtocolHandshake createSession
INFO: Detected upstream dialect: W3C
Aug 12, 2022 5:07:42 PM org.openqa.selenium.devtools.CdpVersionFinder findNearestMatch
WARNING: Unable to find an exact match for CDP version 104, so returning the closest version found: 103
Aug 12, 2022 5:07:42 PM org.openqa.selenium.devtools.CdpVersionFinder findNearestMatch
INFO: Found CDP implementation for version 104 of 103
]]></system-err>
  </testcase>
  <testcase name="viewMoviePoster[Karthinivash, Gurleen@2](1)" classname="skyfoxapp.testcases.viewmovieposter.PositiveViewMoviePoster" time="18.001">
    <system-out><![CDATA[Starting login test
Parameters sent
Clicked login button
Clicked movie poster
Movie Poster Popup is available
crossmark is available
Cross mark in movie poster is clicked
Movie Poster Popup is not available
Clicked movie name
Movie Detail Popup is available
crossmark is available
Clicked movie name
Movie Poster Popup is available
crossmark is available
Cross mark in movie poster is clicked
Movie Detail Popup is available
Cross mark in movie poster is clicked
Movie Details Popup is not available
]]></system-out>
    <system-err><![CDATA[Starting ChromeDriver 103.0.5060.53 (a1711811edd74ff1cf2150f36ffa3b0dae40b17f-refs/branch-heads/5060@{#853}) on port 50649
Only local connections are allowed.
Please see https://chromedriver.chromium.org/security-considerations for suggestions on keeping ChromeDriver safe.
ChromeDriver was started successfully.
[1660304269.228][WARNING]: This version of ChromeDriver has not been tested with Chrome version 104.
Aug 12, 2022 5:07:49 PM org.openqa.selenium.remote.ProtocolHandshake createSession
INFO: Detected upstream dialect: W3C
Aug 12, 2022 5:07:49 PM org.openqa.selenium.devtools.CdpVersionFinder findNearestMatch
WARNING: Unable to find an exact match for CDP version 104, so returning the closest version found: 103
Aug 12, 2022 5:07:49 PM org.openqa.selenium.devtools.CdpVersionFinder findNearestMatch
INFO: Found CDP implementation for version 104 of 103
]]></system-err>
  </testcase>
</testsuite>