<?xml version="1.0" encoding="UTF-8"?>
<!-- Generated by org.testng.reporters.JUnitXMLReporter -->
<testsuite ignored="0" hostname="Krupasrees-MacBook-Pro.local" failures="0" tests="1" name="PreviousDayNoSlotsAvailableScheduleTest" time="6.259" errors="0" timestamp="2022-08-18T10:26:01 IST">
  <testcase classname="skyfoxapp.testcases.addMovieScheduleTest.PreviousDayNoAvailableSlotsScheduleTest" name="scheduleMovieTest" time="4.299"/>
</testsuite> <!-- PreviousDayNoSlotsAvailableScheduleTest -->
