<?xml version="1.0" encoding="UTF-8"?>
<!-- Generated by org.testng.reporters.JUnitXMLReporter -->
<testsuite ignored="0" hostname="Krupasrees-MacBook-Pro.local" failures="0" tests="1" name="PreviousDayNoSlotsAvailableScheduleTest" time="6.002" errors="0" timestamp="2022-08-17T19:52:11 IST">
  <testcase classname="skyfoxapp.testcases.addMovieScheduleTest.PreviousDayNoAvailableSlotsScheduleTest" name="scheduleMovieTest" time="4.293"/>
</testsuite> <!-- PreviousDayNoSlotsAvailableScheduleTest -->
