<?xml version="1.0" encoding="UTF-8"?>
<!-- Generated by org.testng.reporters.JUnitXMLReporter -->
<testsuite ignored="0" hostname="Krupasrees-MacBook-Pro.local" failures="0" tests="1" name="ValidateAdminBookingCustomerDetailsTest" time="11.753" errors="0" timestamp="2022-08-18T10:30:21 IST">
  <testcase classname="skyfoxapp.testcases.customerBookingTest.ValidateAdminBookingCustomerDetailsTest" name="customerBookingTest" time="9.71"/>
</testsuite> <!-- ValidateAdminBookingCustomerDetailsTest -->
